C51 COMPILER V9.50a   DELAY                                                                10/31/2015 23:29:43 PAGE 1   


C51 COMPILER V9.50a, COMPILATION OF MODULE DELAY
OBJECT MODULE PLACED IN delay.OBJ
COMPILER INVOKED BY: E:\Keil\C51\BIN\C51.EXE delay.c BROWSE DEBUG OBJECTEXTEND

line level    source

   1          #include"types.h"
   2          
   3          void delay_1ms(u16 dly)
   4          {
   5   1              u8 i;                                   //1MC
   6   1              for(;dly>0;dly--)                       //dly*2 MC
   7   1               {      
   8   2                      for(i=255;i>0;i--);  //1+2*255=511
   9   2                      for(i=232;i>0;i--);      //1+2*232=465
  10   2                                                               //total  =976 
  11   2               }
  12   1      }


MODULE INFORMATION:   STATIC OVERLAYABLE
   CODE SIZE        =     25    ----
   CONSTANT SIZE    =   ----    ----
   XDATA SIZE       =   ----    ----
   PDATA SIZE       =   ----    ----
   DATA SIZE        =   ----    ----
   IDATA SIZE       =   ----    ----
   BIT SIZE         =   ----    ----
END OF MODULE INFORMATION.


C51 COMPILATION COMPLETE.  0 WARNING(S),  0 ERROR(S)
