;  LST file generated by mikroListExporter - v.2.0 
; Date/Time: 10-Apr-16 11:38:05 PM
;----------------------------------------------

;Address Opcode 	ASM
0x0000	0x2890      	GOTO       144
_ShowDigit:
;main.c,15 :: 		void ShowDigit(uint8_t Digit)
;main.c,19 :: 		PORTC |= (1 << RESET_BIT);       // RESET pin high
0x0003	0x1283      	BCF        STATUS, 5
0x0004	0x1407      	BSF        PORTC, 0
;main.c,20 :: 		PORTC &= ~(1 << RESET_BIT);      // RESET pin low
0x0005	0x1007      	BCF        PORTC, 0
;main.c,22 :: 		for (i = 0; i < Digit; i++)
0x0006	0x01D1      	CLRF       R1
L_ShowDigit0:
0x0007	0x0825      	MOVF       FARG_ShowDigit_Digit, 0
0x0008	0x0251      	SUBWF      R1, 0
0x0009	0x1803      	BTFSC      STATUS, 0
0x000A	0x280F      	GOTO       L_ShowDigit1
;main.c,24 :: 		PORTC |= (1 << CLOCK_BIT);   // CLOCK pin high
0x000B	0x1487      	BSF        PORTC, 1
;main.c,25 :: 		PORTC &= ~(1 << CLOCK_BIT);  // CLOCK pin low
0x000C	0x1087      	BCF        PORTC, 1
;main.c,22 :: 		for (i = 0; i < Digit; i++)
0x000D	0x0AD1      	INCF       R1, 1
;main.c,26 :: 		}
0x000E	0x2807      	GOTO       L_ShowDigit0
L_ShowDigit1:
;main.c,27 :: 		}
L_end_ShowDigit:
0x000F	0x0008      	RETURN
; end of _ShowDigit
_EEPROM_Read:
;__Lib_EEPROM.c,4 :: 		
;__Lib_EEPROM.c,5 :: 		
0x0010	0x1283      	BCF        STATUS, 5
0x0011	0x0825      	MOVF       FARG_EEPROM_Read_Address, 0
0x0012	0x1683      	BSF        STATUS, 5
0x0013	0x009B      	MOVWF      EEADR
;__Lib_EEPROM.c,6 :: 		
0x0014	0x139C      	BCF        EECON1, 7
;__Lib_EEPROM.c,12 :: 		
0x0015	0x141C      	BSF        EECON1, 0
;__Lib_EEPROM.c,13 :: 		
0x0016	0x081A      	MOVF       EEDATA, 0
0x0017	0x00D0      	MOVWF      R0
;__Lib_EEPROM.c,14 :: 		
L_end_EEPROM_Read:
0x0018	0x0008      	RETURN
; end of _EEPROM_Read
_EEPROM_Write:
;__Lib_EEPROM.c,16 :: 		
;__Lib_EEPROM.c,20 :: 		
L_EEPROM_Write0:
0x0019	0x1683      	BSF        STATUS, 5
0x001A	0x1C9C      	BTFSS      EECON1, 1
0x001B	0x281E      	GOTO       L_EEPROM_Write1
0x001C	0x0000      	NOP
0x001D	0x2819      	GOTO       L_EEPROM_Write0
L_EEPROM_Write1:
;__Lib_EEPROM.c,21 :: 		
0x001E	0x0823      	MOVF       FARG_EEPROM_Write_Address, 0
0x001F	0x009B      	MOVWF      EEADR
;__Lib_EEPROM.c,22 :: 		
0x0020	0x0824      	MOVF       FARG_EEPROM_Write_data_, 0
0x0021	0x009A      	MOVWF      EEDATA
;__Lib_EEPROM.c,23 :: 		
0x0022	0x139C      	BCF        EECON1, 7
;__Lib_EEPROM.c,24 :: 		
0x0023	0x151C      	BSF        EECON1, 2
;__Lib_EEPROM.c,26 :: 		
0x0024	0x080B      	MOVF       INTCON, 0
0x0025	0x00D0      	MOVWF      R0
;__Lib_EEPROM.c,29 :: 		
0x0026	0x138B      	BCF        INTCON, 7
;__Lib_EEPROM.c,30 :: 		
0x0027	0x3055      	MOVLW      85
0x0028	0x009D      	MOVWF      EECON2
;__Lib_EEPROM.c,31 :: 		
0x0029	0x30AA      	MOVLW      170
0x002A	0x009D      	MOVWF      EECON2
;__Lib_EEPROM.c,32 :: 		
0x002B	0x149C      	BSF        EECON1, 1
;__Lib_EEPROM.c,36 :: 		
0x002C	0x1BD0      	BTFSC      R0, 7
0x002D	0x2830      	GOTO       L__EEPROM_Write4
0x002E	0x138B      	BCF        INTCON, 7
0x002F	0x2831      	GOTO       L__EEPROM_Write5
L__EEPROM_Write4:
0x0030	0x178B      	BSF        INTCON, 7
L__EEPROM_Write5:
;__Lib_EEPROM.c,37 :: 		
0x0031	0x111C      	BCF        EECON1, 2
;__Lib_EEPROM.c,38 :: 		
L_end_EEPROM_Write:
0x0032	0x0008      	RETURN
; end of _EEPROM_Write
_Init:
;main.c,29 :: 		void Init()
;main.c,32 :: 		ANSEL=0x00;
0x0033	0x1683      	BSF        STATUS, 5
0x0034	0x0191      	CLRF       ANSEL
;main.c,33 :: 		TRISC = 0xFC;
0x0035	0x30FC      	MOVLW      252
0x0036	0x0087      	MOVWF      TRISC
;main.c,35 :: 		PORTC &= ~(1 << RESET_BIT);  // RESET pin low
0x0037	0x1283      	BCF        STATUS, 5
0x0038	0x1007      	BCF        PORTC, 0
;main.c,39 :: 		ShowDigit(0);
0x0039	0x01A5      	CLRF       FARG_ShowDigit_Digit
0x003A	0x2003      	CALL       _ShowDigit
;main.c,40 :: 		delay_ms(500);
0x003B	0x3006      	MOVLW      6
0x003C	0x00DB      	MOVWF      R11
0x003D	0x3013      	MOVLW      19
0x003E	0x00DC      	MOVWF      R12
0x003F	0x30AD      	MOVLW      173
0x0040	0x00DD      	MOVWF      R13
L_Init3:
0x0041	0x0BDD      	DECFSZ     R13, 1
0x0042	0x2841      	GOTO       L_Init3
0x0043	0x0BDC      	DECFSZ     R12, 1
0x0044	0x2841      	GOTO       L_Init3
0x0045	0x0BDB      	DECFSZ     R11, 1
0x0046	0x2841      	GOTO       L_Init3
0x0047	0x0000      	NOP
0x0048	0x0000      	NOP
;main.c,42 :: 		for (i = 1; i < 10; i++)
0x0049	0x3001      	MOVLW      1
0x004A	0x00A3      	MOVWF      Init_i_L0
L_Init4:
0x004B	0x300A      	MOVLW      10
0x004C	0x0223      	SUBWF      Init_i_L0, 0
0x004D	0x1803      	BTFSC      STATUS, 0
0x004E	0x2861      	GOTO       L_Init5
;main.c,44 :: 		ShowDigit(i);
0x004F	0x0823      	MOVF       Init_i_L0, 0
0x0050	0x00A5      	MOVWF      FARG_ShowDigit_Digit
0x0051	0x2003      	CALL       _ShowDigit
;main.c,45 :: 		delay_ms(100);
0x0052	0x3002      	MOVLW      2
0x0053	0x00DB      	MOVWF      R11
0x0054	0x3004      	MOVLW      4
0x0055	0x00DC      	MOVWF      R12
0x0056	0x30BA      	MOVLW      186
0x0057	0x00DD      	MOVWF      R13
L_Init7:
0x0058	0x0BDD      	DECFSZ     R13, 1
0x0059	0x2858      	GOTO       L_Init7
0x005A	0x0BDC      	DECFSZ     R12, 1
0x005B	0x2858      	GOTO       L_Init7
0x005C	0x0BDB      	DECFSZ     R11, 1
0x005D	0x2858      	GOTO       L_Init7
0x005E	0x0000      	NOP
;main.c,42 :: 		for (i = 1; i < 10; i++)
0x005F	0x0AA3      	INCF       Init_i_L0, 1
;main.c,46 :: 		}
0x0060	0x284B      	GOTO       L_Init4
L_Init5:
;main.c,48 :: 		ShowDigit(0);
0x0061	0x01A5      	CLRF       FARG_ShowDigit_Digit
0x0062	0x2003      	CALL       _ShowDigit
;main.c,49 :: 		delay_ms(500);
0x0063	0x3006      	MOVLW      6
0x0064	0x00DB      	MOVWF      R11
0x0065	0x3013      	MOVLW      19
0x0066	0x00DC      	MOVWF      R12
0x0067	0x30AD      	MOVLW      173
0x0068	0x00DD      	MOVWF      R13
L_Init8:
0x0069	0x0BDD      	DECFSZ     R13, 1
0x006A	0x2869      	GOTO       L_Init8
0x006B	0x0BDC      	DECFSZ     R12, 1
0x006C	0x2869      	GOTO       L_Init8
0x006D	0x0BDB      	DECFSZ     R11, 1
0x006E	0x2869      	GOTO       L_Init8
0x006F	0x0000      	NOP
0x0070	0x0000      	NOP
;main.c,51 :: 		Gear = EEPROM_Read(0);  // Read initial value from EEPROM
0x0071	0x01A5      	CLRF       FARG_EEPROM_Read_Address
0x0072	0x2010      	CALL       _EEPROM_Read
0x0073	0x0850      	MOVF       R0, 0
0x0074	0x00A0      	MOVWF      _Gear
;main.c,52 :: 		ShowDigit(Gear);                       // Show initial value
0x0075	0x0850      	MOVF       R0, 0
0x0076	0x00A5      	MOVWF      FARG_ShowDigit_Digit
0x0077	0x2003      	CALL       _ShowDigit
;main.c,53 :: 		}
L_end_Init:
0x0078	0x0008      	RETURN
; end of _Init
_Released:
;main.c,55 :: 		int Released(uint8_t Bit)
;main.c,57 :: 		if (Bit==1)
0x0079	0x1283      	BCF        STATUS, 5
0x007A	0x0823      	MOVF       FARG_Released_Bit, 0
0x007B	0x3A01      	XORLW      1
0x007C	0x1D03      	BTFSS      STATUS, 2
0x007D	0x288D      	GOTO       L_Released9
;main.c,59 :: 		delay_ms(DEBOUNCE_TIME);
0x007E	0x3082      	MOVLW      130
0x007F	0x00DC      	MOVWF      R12
0x0080	0x30DD      	MOVLW      221
0x0081	0x00DD      	MOVWF      R13
L_Released10:
0x0082	0x0BDD      	DECFSZ     R13, 1
0x0083	0x2882      	GOTO       L_Released10
0x0084	0x0BDC      	DECFSZ     R12, 1
0x0085	0x2882      	GOTO       L_Released10
0x0086	0x0000      	NOP
0x0087	0x0000      	NOP
;main.c,60 :: 		return 1;
0x0088	0x3001      	MOVLW      1
0x0089	0x00D0      	MOVWF      R0
0x008A	0x3000      	MOVLW      0
0x008B	0x00D1      	MOVWF      R0+1
0x008C	0x288F      	GOTO       L_end_Released
;main.c,61 :: 		}
L_Released9:
;main.c,63 :: 		return 0;
0x008D	0x01D0      	CLRF       R0
0x008E	0x01D1      	CLRF       R0+1
;main.c,64 :: 		}
L_end_Released:
0x008F	0x0008      	RETURN
; end of _Released
_main:
;main.c,66 :: 		int main(void)
;main.c,68 :: 		Init();
0x0090	0x2033      	CALL       _Init
;main.c,70 :: 		while(1)
L_main11:
0x0091	0x1283      	BCF        STATUS, 5
;main.c,72 :: 		if (Released(NEUTRAL_BIT)) Gear = 0;
0x0092	0x3000      	MOVLW      0
0x0093	0x1907      	BTFSC      RC2_bit, BitPos(RC2_bit+0)
0x0094	0x3001      	MOVLW      1
0x0095	0x00A3      	MOVWF      FARG_Released_Bit
0x0096	0x2079      	CALL       _Released
0x0097	0x0850      	MOVF       R0, 0
0x0098	0x0451      	IORWF      R0+1, 0
0x0099	0x1903      	BTFSC      STATUS, 2
0x009A	0x289C      	GOTO       L_main13
0x009B	0x01A0      	CLRF       _Gear
L_main13:
;main.c,73 :: 		if (Released(UP_BIT))
0x009C	0x3000      	MOVLW      0
0x009D	0x1987      	BTFSC      RC3_bit, BitPos(RC3_bit+0)
0x009E	0x3001      	MOVLW      1
0x009F	0x00A3      	MOVWF      FARG_Released_Bit
0x00A0	0x2079      	CALL       _Released
0x00A1	0x0850      	MOVF       R0, 0
0x00A2	0x0451      	IORWF      R0+1, 0
0x00A3	0x1903      	BTFSC      STATUS, 2
0x00A4	0x28B7      	GOTO       L_main14
;main.c,75 :: 		if ((Gear > 0) && (Gear < TOP_GEAR)) Gear++;
0x00A5	0x0820      	MOVF       _Gear, 0
0x00A6	0x3C00      	SUBLW      0
0x00A7	0x1803      	BTFSC      STATUS, 0
0x00A8	0x28AE      	GOTO       L_main17
0x00A9	0x3005      	MOVLW      5
0x00AA	0x0220      	SUBWF      _Gear, 0
0x00AB	0x1803      	BTFSC      STATUS, 0
0x00AC	0x28AE      	GOTO       L_main17
L__main25:
0x00AD	0x0AA0      	INCF       _Gear, 1
L_main17:
;main.c,76 :: 		if (Gear == 0) Gear = 2;
0x00AE	0x0820      	MOVF       _Gear, 0
0x00AF	0x3A00      	XORLW      0
0x00B0	0x1D03      	BTFSS      STATUS, 2
0x00B1	0x28B4      	GOTO       L_main18
0x00B2	0x3002      	MOVLW      2
0x00B3	0x00A0      	MOVWF      _Gear
L_main18:
;main.c,77 :: 		if (NEUTRAL_BIT==1) Gear = 0;
0x00B4	0x1D07      	BTFSS      RC2_bit, BitPos(RC2_bit+0)
0x00B5	0x28B7      	GOTO       L_main19
0x00B6	0x01A0      	CLRF       _Gear
L_main19:
;main.c,78 :: 		}
L_main14:
;main.c,80 :: 		if (Released(DOWN_BIT))
0x00B7	0x3000      	MOVLW      0
0x00B8	0x1A07      	BTFSC      RC4_bit, BitPos(RC4_bit+0)
0x00B9	0x3001      	MOVLW      1
0x00BA	0x00A3      	MOVWF      FARG_Released_Bit
0x00BB	0x2079      	CALL       _Released
0x00BC	0x0850      	MOVF       R0, 0
0x00BD	0x0451      	IORWF      R0+1, 0
0x00BE	0x1903      	BTFSC      STATUS, 2
0x00BF	0x28CE      	GOTO       L_main20
;main.c,82 :: 		if (Gear > 1) Gear--;
0x00C0	0x0820      	MOVF       _Gear, 0
0x00C1	0x3C01      	SUBLW      1
0x00C2	0x1803      	BTFSC      STATUS, 0
0x00C3	0x28C5      	GOTO       L_main21
0x00C4	0x03A0      	DECF       _Gear, 1
L_main21:
;main.c,83 :: 		if (Gear == 0) Gear = 1;
0x00C5	0x0820      	MOVF       _Gear, 0
0x00C6	0x3A00      	XORLW      0
0x00C7	0x1D03      	BTFSS      STATUS, 2
0x00C8	0x28CB      	GOTO       L_main22
0x00C9	0x3001      	MOVLW      1
0x00CA	0x00A0      	MOVWF      _Gear
L_main22:
;main.c,84 :: 		if (NEUTRAL_BIT==1) Gear = 0;
0x00CB	0x1D07      	BTFSS      RC2_bit, BitPos(RC2_bit+0)
0x00CC	0x28CE      	GOTO       L_main23
0x00CD	0x01A0      	CLRF       _Gear
L_main23:
;main.c,85 :: 		}
L_main20:
;main.c,87 :: 		ShowDigit(Gear);
0x00CE	0x0820      	MOVF       _Gear, 0
0x00CF	0x00A5      	MOVWF      FARG_ShowDigit_Digit
0x00D0	0x2003      	CALL       _ShowDigit
;main.c,88 :: 		EEPROM_Write(0,Gear);
0x00D1	0x01A3      	CLRF       FARG_EEPROM_Write_Address
0x00D2	0x0820      	MOVF       _Gear, 0
0x00D3	0x00A4      	MOVWF      FARG_EEPROM_Write_data_
0x00D4	0x2019      	CALL       _EEPROM_Write
;main.c,89 :: 		delay_ms(LOCK_TIME);
0x00D5	0x3003      	MOVLW      3
0x00D6	0x00DB      	MOVWF      R11
0x00D7	0x308A      	MOVLW      138
0x00D8	0x00DC      	MOVWF      R12
0x00D9	0x3055      	MOVLW      85
0x00DA	0x00DD      	MOVWF      R13
L_main24:
0x00DB	0x0BDD      	DECFSZ     R13, 1
0x00DC	0x28DB      	GOTO       L_main24
0x00DD	0x0BDC      	DECFSZ     R12, 1
0x00DE	0x28DB      	GOTO       L_main24
0x00DF	0x0BDB      	DECFSZ     R11, 1
0x00E0	0x28DB      	GOTO       L_main24
0x00E1	0x0000      	NOP
0x00E2	0x0000      	NOP
;main.c,90 :: 		}
0x00E3	0x2891      	GOTO       L_main11
;main.c,91 :: 		}
L_end_main:
0x00E4	0x28E4      	GOTO       $+0
; end of _main
Symbol List:
//** Routines locations **
//ADDRESS    SIZE    PROCEDURE
//----------------------------------------------
0x0003      [13]    _ShowDigit
0x0010       [9]    _EEPROM_Read
0x0019      [26]    _EEPROM_Write
0x0033      [70]    _Init
0x0079      [23]    _Released
0x0090      [85]    _main
//** Variables locations ** 
//ADDRESS    SIZE    VARIABLE
//----------------------------------------------
0x0000       [1]    INDF
0x0003       [1]    STATUS
0x0004       [1]    FSR
0x0007       [0]    RC2_bit
0x0007       [0]    RC4_bit
0x0007       [1]    PORTC
0x0007       [0]    RC3_bit
0x000A       [1]    PCLATH
0x000B       [1]    INTCON
0x0020       [1]    _Gear
0x0021       [2]    ___DoICPAddr
0x0023       [1]    Init_i_L0
0x0023       [1]    FARG_EEPROM_Write_Address
0x0023       [1]    FARG_Released_Bit
0x0024       [1]    FARG_EEPROM_Write_data_
0x0025       [1]    FARG_ShowDigit_Digit
0x0025       [1]    FARG_EEPROM_Read_Address
0x0050       [1]    R0
0x0051       [1]    R1
0x0052       [1]    R2
0x0053       [1]    R3
0x0054       [1]    R4
0x0055       [1]    R5
0x0056       [1]    R6
0x0057       [1]    R7
0x0058       [1]    R8
0x0059       [1]    R9
0x005A       [1]    R10
0x005B       [1]    R11
0x005C       [1]    R12
0x005D       [1]    R13
0x005E       [1]    R14
0x005F       [1]    R15
0x0087       [1]    TRISC
0x0091       [1]    ANSEL
0x009A       [1]    EEDATA
0x009B       [1]    EEADR
0x009C       [1]    EECON1
0x009D       [1]    EECON2
