C51 COMPILER V9.50a   TX                                                                   02/08/2014 15:46:36 PAGE 1   


C51 COMPILER V9.50a, COMPILATION OF MODULE TX
OBJECT MODULE PLACED IN Tx.OBJ
COMPILER INVOKED BY: E:\Keil\C51\BIN\C51.EXE Tx.c BROWSE DEBUG OBJECTEXTEND TABS(2)

line level    source

   1          #include<reg51.h>
   2          
   3          sbit Encoder1=P3^0;
   4          sbit Encoder2=P3^1;
   5          sbit Encoder3=P3^2;
   6          sbit Encoder4=P3^3;
   7          
   8          sbit forward=P1^0;
   9          sbit reverse=P1^1;
  10          sbit left=P1^2;
  11          sbit right=P1^3;
  12          sbit fan=P1^4;
  13          
  14          
  15          void main(void)
  16          {
  17   1        P3=0xFF;
  18   1        P1=0xFF;
  19   1        while(1)
  20   1        {
  21   2        
  22   2        
  23   2        if(forward==0)
  24   2        {
  25   3          Encoder1=0;
  26   3          Encoder3=0;
  27   3          Encoder2=1;
  28   3          Encoder4=1;
  29   3        }
  30   2        
  31   2        if(reverse==0)
  32   2        {
  33   3          Encoder2=0;
  34   3          Encoder4=0;
  35   3          Encoder1=1;
  36   3          Encoder3=1;
  37   3        }
  38   2        
  39   2        if(right==0)
  40   2        {
  41   3          Encoder1=0;
  42   3          Encoder4=0;
  43   3          Encoder2=1;
  44   3          Encoder3=1;
  45   3        }
  46   2        
  47   2        if(left==0)
  48   2        {
  49   3          Encoder3=0;
  50   3          Encoder2=0;
  51   3          Encoder1=1;
  52   3          Encoder4=1;
  53   3        }
  54   2        
  55   2        if(fan==0)
C51 COMPILER V9.50a   TX                                                                   02/08/2014 15:46:36 PAGE 2   

  56   2        {
  57   3          Encoder3=1;
  58   3          Encoder2=1;
  59   3          Encoder1=1;
  60   3          Encoder4=0;
  61   3        }
  62   2        if(forward==1 && left==1 && right==1 && reverse==1 && fan==1)
  63   2        {
  64   3          Encoder3=1;
  65   3          Encoder2=1;
  66   3          Encoder1=1;
  67   3          Encoder4=1;
  68   3        }
  69   2      }
  70   1      }


MODULE INFORMATION:   STATIC OVERLAYABLE
   CODE SIZE        =     86    ----
   CONSTANT SIZE    =   ----    ----
   XDATA SIZE       =   ----    ----
   PDATA SIZE       =   ----    ----
   DATA SIZE        =   ----    ----
   IDATA SIZE       =   ----    ----
   BIT SIZE         =   ----    ----
END OF MODULE INFORMATION.


C51 COMPILATION COMPLETE.  0 WARNING(S),  0 ERROR(S)
