C51 COMPILER V9.50a   MAIN                                                                 10/31/2015 23:28:45 PAGE 1   


C51 COMPILER V9.50a, COMPILATION OF MODULE MAIN
OBJECT MODULE PLACED IN main.OBJ
COMPILER INVOKED BY: E:\Keil\C51\BIN\C51.EXE main.c BROWSE DEBUG OBJECTEXTEND

line level    source

   1          #include<reg51.h>
   2          #include"uart.h"
   3          #include"7seg.h"
   4          #include"types.h"
   5          #include<string.h>
   6          #include<stdio.h>
   7          
   8          void main()
   9          {                                          
  10   1               u8 res[6]={'0','0','0','0','0','0'},no[6]={'0','0','0','0','0','0'};    
  11   1               u8 i=0,dat;
  12   1               init_uart();
  13   1               while(1)
  14   1                {
  15   2                    while(RI)
  16   2                         {
  17   3                           dat=uart_rx();
  18   3                               if(dat>='0' && dat<='9')
  19   3                                {   
  20   4                                       no[i]=dat;
  21   4                                       i++;
  22   4                                }
  23   3                               else
  24   3                                {
  25   4                                      i=0;
  26   4                                 switch(dat)
  27   4                                  {
  28   5                                    case 'A': memset(res,'0',5);strcpy(res,no); break; 
  29   5                                        case 'F': memset(res,'0',5);break;
  30   5                                        case 'S': init_seg(); break;
  31   5                                      }
  32   4                                       memset(no,'0',5);
  33   4                                }
  34   3                              }
  35   2                           disp_seven_seg((res[4]-48),(res[3]-48),(res[2]-48),(res[1]-48),(res[0]-48));
  36   2                }
  37   1      }
  38                              
  39                            
  40                                   


MODULE INFORMATION:   STATIC OVERLAYABLE
   CODE SIZE        =    196    ----
   CONSTANT SIZE    =     12    ----
   XDATA SIZE       =   ----    ----
   PDATA SIZE       =   ----    ----
   DATA SIZE        =   ----      14
   IDATA SIZE       =   ----    ----
   BIT SIZE         =   ----    ----
END OF MODULE INFORMATION.


C51 COMPILATION COMPLETE.  0 WARNING(S),  0 ERROR(S)
