C51 COMPILER V9.50a   EEPROM                                                               12/06/2015 10:44:33 PAGE 1   


C51 COMPILER V9.50a, COMPILATION OF MODULE EEPROM
OBJECT MODULE PLACED IN EEPROM.OBJ
COMPILER INVOKED BY: E:\Keil\C51\BIN\C51.EXE EEPROM.c BROWSE DEBUG OBJECTEXTEND

line level    source

   1          #include"types.h"
   2          #include"I2C.h"
   3          #include"delay.h"
   4          #include"string.h"
   5          #include"uart.h"
   6          
   7          void write_EEPROM(u8* value,u8 disp)
   8          {
   9   1              u8 i,Slave_Addr=0xa0;
  10   1              u16 Addr;
  11   1              
  12   1              if(disp=='A')   Addr=0x0010;
  13   1      
  14   1              else if(disp=='B')      Addr=0x0020;
  15   1              
  16   1              else if(disp=='C')      Addr=0x0030;
  17   1      
  18   1              if(disp=='A' || disp=='B' || disp=='C')
  19   1              {
  20   2                for(i=0;i<6;i++)                                                               //Clearing Memory to store new data
  21   2                  I2C_device_write(Slave_Addr,Addr+i,0);
  22   2              
  23   2                for(i=0;i<strlen(value);i++)
  24   2                  I2C_device_write(Slave_Addr,Addr+i,value[i]);
  25   2                I2C_device_write(Slave_Addr,Addr+i,disp);
  26   2              }
  27   1      
  28   1      }
  29          
  30          void read_EEPROM(u8 disp)
  31          {
  32   1              u8 i=0, Slave_Addr=0xa0, dat;
  33   1              u16 Addr;
  34   1              
  35   1              if(disp=='A')   Addr=0x0010;
  36   1      
  37   1              else if(disp=='B')      Addr=0x0020;
  38   1              
  39   1              else if(disp=='C')      Addr=0x0030;
  40   1              
  41   1              
  42   1              do
  43   1               {
  44   2                 dat=I2C_device_read(Slave_Addr,Addr+i);
  45   2                 uart_tx(dat);
  46   2                 i++;
  47   2               }while(dat>='0' && dat<='9');
  48   1               
  49   1      }
  50                                  
  51                  


MODULE INFORMATION:   STATIC OVERLAYABLE
   CODE SIZE        =    226    ----
C51 COMPILER V9.50a   EEPROM                                                               12/06/2015 10:44:33 PAGE 2   

   CONSTANT SIZE    =   ----    ----
   XDATA SIZE       =   ----    ----
   PDATA SIZE       =   ----    ----
   DATA SIZE        =   ----      13
   IDATA SIZE       =   ----    ----
   BIT SIZE         =   ----    ----
END OF MODULE INFORMATION.


C51 COMPILATION COMPLETE.  0 WARNING(S),  0 ERROR(S)
