C51 COMPILER V9.50a   KEYPAD                                                               12/06/2015 10:44:32 PAGE 1   


C51 COMPILER V9.50a, COMPILATION OF MODULE KEYPAD
OBJECT MODULE PLACED IN keypad.OBJ
COMPILER INVOKED BY: E:\Keil\C51\BIN\C51.EXE keypad.c BROWSE DEBUG OBJECTEXTEND

line level    source

   1          #include<reg51.h>
   2          #include"types.h"
   3          #include"lcd.h"
   4          #include"rtc.h"
   5          
   6          extern void reset(void);
   7          extern void start_sys(void);
   8          
   9          extern u8 td_flag=0;
  10          
  11          sbit r0=P1^0; sbit c0=P1^4;
  12          sbit r1=P1^1; sbit c1=P1^5;
  13          sbit r2=P1^2; sbit c2=P1^6;
  14          sbit r3=P1^3; sbit c3=P1^7;
  15          extern u8 flag;
  16          extern u8 td_flag;
  17          
  18          code u8 keypad_bit[4][4]={{'1','2','3','A'},{'4','5','6','B'},{'7','8','9','C'},{'O','0','M','E'}};
  19          bit colscan(void)
  20          {
  21   1              return(c0&c1&c2&c3);
  22   1      }
  23          
  24          void init_rows(void)
  25          {
  26   1              r0=r1=r2=r3=0;
  27   1      }
  28          
  29          void init_cols(void)
  30          {
  31   1              c0=c1=c2=c3=1;
  32   1      }
  33          
  34          u8 keyscan()
  35          {
  36   1              u8 row,col;
  37   1              init_cols();
  38   1              init_rows();
  39   1              while(colscan());
  40   1      
  41   1              r0=0;r1=r2=r3=1;
  42   1              if(!colscan())
  43   1               {      row=0;  goto col_check; }
  44   1      
  45   1              r1=0;r0=r2=r3=1;
  46   1              if(!colscan())
  47   1               {      row=1;  goto col_check; }
  48   1      
  49   1              r2=0;r0=r1=r3=1;
  50   1              if(!colscan())
  51   1               {      row=2;  goto col_check; }
  52   1      
  53   1              r3=0;r0=r2=r1=1;
  54   1              if(!colscan())
  55   1               {      row=3;  goto col_check; }
C51 COMPILER V9.50a   KEYPAD                                                               12/06/2015 10:44:32 PAGE 2   

  56   1      
  57   1      col_check:
  58   1              if(c0==0)  col=0;
  59   1              else if(c1==0) col=1;
  60   1              else if(c2==0) col=2;
  61   1              else if(c3==0) col=3;
  62   1      
  63   1              return keypad_bit[row][col];
  64   1      
  65   1      }
  66          
  67          
  68          u8* get_value()
  69          {
  70   1              u8 i=0,key=0,no[6]={0};
  71   1              while(1)
  72   1              {
  73   2                
  74   2                key=keyscan();
  75   2                if(key>='0' && key<='9' && i<td_flag)           //Get the value
  76   2                      {
  77   3                         no[i]=key;
  78   3                         lcd_cmd(0xC0);
  79   3                         lcd_str(no);
  80   3                         while(!colscan());
  81   3                         i++;
  82   3                      }
  83   2                      else if(key=='E')                 //Check wether Enter is pressed
  84   2                       {
  85   3                              while(!colscan());
  86   3                              if(no[0]!=0)        //check weather value is enter or not
  87   3                               {
  88   4                                      no[++i]='\0';        //for reversing the string
  89   4                                      flag=1;
  90   4                                      return no;
  91   4                               }
  92   3                       }
  93   2                      else if(key=='M')                 //Check weather OFF is pressed
  94   2                      {
  95   3                         while(!colscan()); 
  96   3                         edit_time();
  97   3                         start_sys();
  98   3                      }
  99   2                      else if(key=='O')
 100   2                       start_sys();
 101   2                }
 102   1      }
 103          
 104          u8 get_disp()
 105          {
 106   1              u8 key=0;
 107   1              do
 108   1               {
 109   2                 key=keyscan();
 110   2                 if(key=='A' || key=='B' || key=='C')   //Check the Display
 111   2                   {
 112   3                         lcd_cmd(0xC0);
 113   3                         lcd_char(key);
 114   3                         while(!colscan());
 115   3                       }
 116   2                      else if(key=='M')                       //Check whether OFF is pressed
 117   2                       {
C51 COMPILER V9.50a   KEYPAD                                                               12/06/2015 10:44:32 PAGE 3   

 118   3                         while(!colscan()); 
 119   3                         reset ();
 120   3                       }
 121   2                       else if(key=='O')
 122   2                              start_sys();
 123   2                }while(keyscan()!='E');
 124   1                  while(!colscan());
 125   1                      return key;  
 126   1      } 
 127                  
 128          /*u8* get_time()
 129          {
 130                  u8 i=0,key=0,no[2]={0};
 131                  while(1)
 132                  {
 133                    key=keyscan();
 134                    if(key>='0' && key<='9' && i<2)                 //Get the value
 135                          {
 136                             no[i]=key;
 137                             lcd_cmd(0xC0);
 138                             lcd_str(no);
 139                             while(!colscan());
 140                             i++;
 141                          }
 142                          else if(key=='E')                 //Check wether Enter is pressed
 143                           {
 144                                  while(!colscan());
 145                                  no[++i]='\0';        //for reversing the string
 146                                  flag=1;
 147                              return no;
 148                           }
 149                          else if(key=='M')                 //Check weather OFF is pressed
 150                          {
 151                             while(!colscan());
 152                             edit_time();
 153                             start_sys(); 
 154                            
 155                          }
 156                          else if(key=='O')
 157                           start_sys();
 158                    }
 159          }  */
 160          
 161          
 162          
 163          
 164          


MODULE INFORMATION:   STATIC OVERLAYABLE
   CODE SIZE        =    373    ----
   CONSTANT SIZE    =     22    ----
   XDATA SIZE       =   ----    ----
   PDATA SIZE       =   ----    ----
   DATA SIZE        =      1       9
   IDATA SIZE       =   ----    ----
   BIT SIZE         =   ----    ----
END OF MODULE INFORMATION.


C51 COMPILATION COMPLETE.  0 WARNING(S),  0 ERROR(S)
