;  LST file generated by mikroListExporter - v.2.0 
; Date/Time: 27-Mar-16 9:53:01 PM
;----------------------------------------------

;Address Opcode 	ASM
0x0000	0x2B07      	GOTO       775
_Delay_1us:
;__Lib_Delays.c,7 :: 		void Delay_1us() {
;__Lib_Delays.c,8 :: 		Delay_us(1);
0x0003	0x0000      	NOP
0x0004	0x0000      	NOP
;__Lib_Delays.c,9 :: 		}
L_end_Delay_1us:
0x0005	0x0008      	RETURN
; end of _Delay_1us
__Lib_SoftI2C_PutZerosToLATSda:
;__Lib_SoftI2C.c,28 :: 		
;__Lib_SoftI2C.c,36 :: 		
0x0006	0x3007      	MOVLW      Soft_I2C_Sda
;__Lib_SoftI2C.c,37 :: 		
0x0007	0x0084      	MOVWF      FSR
;__Lib_SoftI2C.c,38 :: 		
0x0008	0x0800      	MOVF       INDF, 0
;__Lib_SoftI2C.c,39 :: 		
0x0009	0x0800      	MOVF       INDF, 0
0x000A	0x1283      	BCF        STATUS, 5
0x000B	0x1303      	BCF        STATUS, 6
0x000C	0x00F0      	MOVWF      R0
;__Lib_SoftI2C.c,41 :: 		
0x000D	0x1270      	BCF        R0, BitPos(Soft_I2C_Sda+0)
;__Lib_SoftI2C.c,43 :: 		
0x000E	0x0870      	MOVF       R0, 0
0x000F	0x0080      	MOVWF      INDF
;__Lib_SoftI2C.c,44 :: 		
L_end_PutZerosToLATSda:
0x0010	0x0008      	RETURN
; end of __Lib_SoftI2C_PutZerosToLATSda
__Lib_SoftI2C_PutZerosToLATScl:
;__Lib_SoftI2C.c,45 :: 		
;__Lib_SoftI2C.c,53 :: 		
0x0011	0x3007      	MOVLW      Soft_I2C_Scl
;__Lib_SoftI2C.c,54 :: 		
0x0012	0x0084      	MOVWF      FSR
;__Lib_SoftI2C.c,55 :: 		
0x0013	0x0800      	MOVF       INDF, 0
;__Lib_SoftI2C.c,56 :: 		
0x0014	0x0800      	MOVF       INDF, 0
0x0015	0x1283      	BCF        STATUS, 5
0x0016	0x1303      	BCF        STATUS, 6
0x0017	0x00F0      	MOVWF      R0
;__Lib_SoftI2C.c,59 :: 		
0x0018	0x11F0      	BCF        R0, BitPos(Soft_I2C_Scl+0)
;__Lib_SoftI2C.c,61 :: 		
0x0019	0x0870      	MOVF       R0, 0
0x001A	0x0080      	MOVWF      INDF
;__Lib_SoftI2C.c,62 :: 		
L_end_PutZerosToLATScl:
0x001B	0x0008      	RETURN
; end of __Lib_SoftI2C_PutZerosToLATScl
_Soft_I2C_Write:
;__Lib_SoftI2C.c,194 :: 		
;__Lib_SoftI2C.c,195 :: 		
0x001C	0x3001      	MOVLW      1
0x001D	0x1283      	BCF        STATUS, 5
0x001E	0x1303      	BCF        STATUS, 6
0x001F	0x00B0      	MOVWF      Soft_I2C_Write_result_L0
0x0020	0x3000      	MOVLW      0
0x0021	0x00B1      	MOVWF      Soft_I2C_Write_result_L0+1
;__Lib_SoftI2C.c,197 :: 		
0x0022	0x3080      	MOVLW      128
0x0023	0x00AE      	MOVWF      Soft_I2C_Write_temp_L0
0x0024	0x01AF      	CLRF       Soft_I2C_Write_temp_L0+1
;__Lib_SoftI2C.c,199 :: 		
L_Soft_I2C_Write16:
0x0025	0x082E      	MOVF       Soft_I2C_Write_temp_L0, 0
0x0026	0x042F      	IORWF      Soft_I2C_Write_temp_L0+1, 0
0x0027	0x1903      	BTFSC      STATUS, 2
0x0028	0x2852      	GOTO       L_Soft_I2C_Write17
;__Lib_SoftI2C.c,200 :: 		
0x0029	0x2003      	CALL       _Delay_1us
0x002A	0x2003      	CALL       _Delay_1us
;__Lib_SoftI2C.c,201 :: 		
0x002B	0x2003      	CALL       _Delay_1us
0x002C	0x2003      	CALL       _Delay_1us
;__Lib_SoftI2C.c,203 :: 		
0x002D	0x2011      	CALL       __Lib_SoftI2C_PutZerosToLATScl
;__Lib_SoftI2C.c,204 :: 		
0x002E	0x1683      	BSF        STATUS, 5
0x002F	0x1187      	BCF        Soft_I2C_Scl_Direction, BitPos(Soft_I2C_Scl_Direction+0)
;__Lib_SoftI2C.c,206 :: 		
0x0030	0x2003      	CALL       _Delay_1us
0x0031	0x2003      	CALL       _Delay_1us
;__Lib_SoftI2C.c,208 :: 		
0x0032	0x1283      	BCF        STATUS, 5
0x0033	0x082E      	MOVF       Soft_I2C_Write_temp_L0, 0
0x0034	0x052D      	ANDWF      FARG_Soft_I2C_Write_data_, 0
0x0035	0x00F0      	MOVWF      R0
0x0036	0x3000      	MOVLW      0
0x0037	0x052F      	ANDWF      Soft_I2C_Write_temp_L0+1, 0
0x0038	0x00F1      	MOVWF      R0+1
0x0039	0x0870      	MOVF       R0, 0
0x003A	0x0471      	IORWF      R0+1, 0
0x003B	0x1903      	BTFSC      STATUS, 2
0x003C	0x2840      	GOTO       L_Soft_I2C_Write18
;__Lib_SoftI2C.c,209 :: 		
0x003D	0x1683      	BSF        STATUS, 5
0x003E	0x1607      	BSF        Soft_I2C_Sda_Direction, BitPos(Soft_I2C_Sda_Direction+0)
;__Lib_SoftI2C.c,210 :: 		
0x003F	0x2843      	GOTO       L_Soft_I2C_Write19
L_Soft_I2C_Write18:
;__Lib_SoftI2C.c,212 :: 		
0x0040	0x2006      	CALL       __Lib_SoftI2C_PutZerosToLATSda
;__Lib_SoftI2C.c,213 :: 		
0x0041	0x1683      	BSF        STATUS, 5
0x0042	0x1207      	BCF        Soft_I2C_Sda_Direction, BitPos(Soft_I2C_Sda_Direction+0)
;__Lib_SoftI2C.c,214 :: 		
L_Soft_I2C_Write19:
;__Lib_SoftI2C.c,216 :: 		
0x0043	0x2003      	CALL       _Delay_1us
0x0044	0x2003      	CALL       _Delay_1us
;__Lib_SoftI2C.c,218 :: 		
0x0045	0x1587      	BSF        Soft_I2C_Scl_Direction, BitPos(Soft_I2C_Scl_Direction+0)
;__Lib_SoftI2C.c,220 :: 		
0x0046	0x1283      	BCF        STATUS, 5
0x0047	0x1024      	BCF        __Lib_SoftI2C___StopWaiting, BitPos(__Lib_SoftI2C___StopWaiting+0)
;__Lib_SoftI2C.c,221 :: 		
L_Soft_I2C_Write20:
0x0048	0x1987      	BTFSC      Soft_I2C_Scl, BitPos(Soft_I2C_Scl+0)
0x0049	0x284E      	GOTO       L_Soft_I2C_Write21
;__Lib_SoftI2C.c,222 :: 		
0x004A	0x1C24      	BTFSS      __Lib_SoftI2C___StopWaiting, BitPos(__Lib_SoftI2C___StopWaiting+0)
0x004B	0x284D      	GOTO       L_Soft_I2C_Write22
;__Lib_SoftI2C.c,223 :: 		
0x004C	0x284E      	GOTO       L_Soft_I2C_Write21
L_Soft_I2C_Write22:
0x004D	0x2848      	GOTO       L_Soft_I2C_Write20
L_Soft_I2C_Write21:
;__Lib_SoftI2C.c,225 :: 		
0x004E	0x0CAF      	RRF        Soft_I2C_Write_temp_L0+1, 1
0x004F	0x0CAE      	RRF        Soft_I2C_Write_temp_L0, 1
0x0050	0x13AF      	BCF        Soft_I2C_Write_temp_L0+1, 7
;__Lib_SoftI2C.c,226 :: 		
0x0051	0x2825      	GOTO       L_Soft_I2C_Write16
L_Soft_I2C_Write17:
;__Lib_SoftI2C.c,228 :: 		
0x0052	0x01B0      	CLRF       Soft_I2C_Write_result_L0
0x0053	0x01B1      	CLRF       Soft_I2C_Write_result_L0+1
;__Lib_SoftI2C.c,230 :: 		
0x0054	0x2003      	CALL       _Delay_1us
0x0055	0x2003      	CALL       _Delay_1us
;__Lib_SoftI2C.c,232 :: 		
0x0056	0x2011      	CALL       __Lib_SoftI2C_PutZerosToLATScl
;__Lib_SoftI2C.c,233 :: 		
0x0057	0x1683      	BSF        STATUS, 5
0x0058	0x1187      	BCF        Soft_I2C_Scl_Direction, BitPos(Soft_I2C_Scl_Direction+0)
;__Lib_SoftI2C.c,235 :: 		
0x0059	0x2003      	CALL       _Delay_1us
0x005A	0x2003      	CALL       _Delay_1us
;__Lib_SoftI2C.c,237 :: 		
0x005B	0x1607      	BSF        Soft_I2C_Sda_Direction, BitPos(Soft_I2C_Sda_Direction+0)
;__Lib_SoftI2C.c,239 :: 		
0x005C	0x2003      	CALL       _Delay_1us
0x005D	0x2003      	CALL       _Delay_1us
;__Lib_SoftI2C.c,240 :: 		
0x005E	0x2003      	CALL       _Delay_1us
0x005F	0x2003      	CALL       _Delay_1us
;__Lib_SoftI2C.c,242 :: 		
0x0060	0x1587      	BSF        Soft_I2C_Scl_Direction, BitPos(Soft_I2C_Scl_Direction+0)
;__Lib_SoftI2C.c,244 :: 		
0x0061	0x1283      	BCF        STATUS, 5
0x0062	0x1024      	BCF        __Lib_SoftI2C___StopWaiting, BitPos(__Lib_SoftI2C___StopWaiting+0)
;__Lib_SoftI2C.c,245 :: 		
L_Soft_I2C_Write23:
0x0063	0x1987      	BTFSC      Soft_I2C_Scl, BitPos(Soft_I2C_Scl+0)
0x0064	0x2869      	GOTO       L_Soft_I2C_Write24
;__Lib_SoftI2C.c,246 :: 		
0x0065	0x1C24      	BTFSS      __Lib_SoftI2C___StopWaiting, BitPos(__Lib_SoftI2C___StopWaiting+0)
0x0066	0x2868      	GOTO       L_Soft_I2C_Write25
;__Lib_SoftI2C.c,247 :: 		
0x0067	0x2869      	GOTO       L_Soft_I2C_Write24
L_Soft_I2C_Write25:
0x0068	0x2863      	GOTO       L_Soft_I2C_Write23
L_Soft_I2C_Write24:
;__Lib_SoftI2C.c,249 :: 		
0x0069	0x01B0      	CLRF       Soft_I2C_Write_result_L0
0x006A	0x01B1      	CLRF       Soft_I2C_Write_result_L0+1
;__Lib_SoftI2C.c,251 :: 		
0x006B	0x2003      	CALL       _Delay_1us
0x006C	0x2003      	CALL       _Delay_1us
;__Lib_SoftI2C.c,253 :: 		
0x006D	0x1E07      	BTFSS      Soft_I2C_Sda, BitPos(Soft_I2C_Sda+0)
0x006E	0x2870      	GOTO       L_Soft_I2C_Write26
;__Lib_SoftI2C.c,254 :: 		
0x006F	0x1430      	BSF        Soft_I2C_Write_result_L0, 0
L_Soft_I2C_Write26:
;__Lib_SoftI2C.c,256 :: 		
0x0070	0x2003      	CALL       _Delay_1us
0x0071	0x2003      	CALL       _Delay_1us
;__Lib_SoftI2C.c,257 :: 		
0x0072	0x2003      	CALL       _Delay_1us
0x0073	0x2003      	CALL       _Delay_1us
;__Lib_SoftI2C.c,258 :: 		
0x0074	0x2003      	CALL       _Delay_1us
0x0075	0x2003      	CALL       _Delay_1us
;__Lib_SoftI2C.c,259 :: 		
0x0076	0x2003      	CALL       _Delay_1us
0x0077	0x2003      	CALL       _Delay_1us
;__Lib_SoftI2C.c,260 :: 		
0x0078	0x2003      	CALL       _Delay_1us
0x0079	0x2003      	CALL       _Delay_1us
;__Lib_SoftI2C.c,261 :: 		
0x007A	0x2003      	CALL       _Delay_1us
0x007B	0x2003      	CALL       _Delay_1us
;__Lib_SoftI2C.c,262 :: 		
0x007C	0x2003      	CALL       _Delay_1us
0x007D	0x2003      	CALL       _Delay_1us
;__Lib_SoftI2C.c,263 :: 		
0x007E	0x2003      	CALL       _Delay_1us
0x007F	0x2003      	CALL       _Delay_1us
;__Lib_SoftI2C.c,265 :: 		
0x0080	0x2011      	CALL       __Lib_SoftI2C_PutZerosToLATScl
;__Lib_SoftI2C.c,266 :: 		
0x0081	0x1683      	BSF        STATUS, 5
0x0082	0x1187      	BCF        Soft_I2C_Scl_Direction, BitPos(Soft_I2C_Scl_Direction+0)
;__Lib_SoftI2C.c,267 :: 		
0x0083	0x2006      	CALL       __Lib_SoftI2C_PutZerosToLATSda
;__Lib_SoftI2C.c,268 :: 		
0x0084	0x1683      	BSF        STATUS, 5
0x0085	0x1207      	BCF        Soft_I2C_Sda_Direction, BitPos(Soft_I2C_Sda_Direction+0)
;__Lib_SoftI2C.c,270 :: 		
0x0086	0x1283      	BCF        STATUS, 5
0x0087	0x0830      	MOVF       Soft_I2C_Write_result_L0, 0
0x0088	0x00F0      	MOVWF      R0
;__Lib_SoftI2C.c,271 :: 		
L_end_Soft_I2C_Write:
0x0089	0x0008      	RETURN
; end of _Soft_I2C_Write
_Soft_I2C_Read:
;__Lib_SoftI2C.c,86 :: 		
;__Lib_SoftI2C.c,87 :: 		
0x008A	0x1283      	BCF        STATUS, 5
0x008B	0x1303      	BCF        STATUS, 6
0x008C	0x01AF      	CLRF       Soft_I2C_Read_result_L0
0x008D	0x01B0      	CLRF       Soft_I2C_Read_result_L0+1
0x008E	0x3080      	MOVLW      128
0x008F	0x00B1      	MOVWF      Soft_I2C_Read_temp_L0
0x0090	0x3000      	MOVLW      0
0x0091	0x00B2      	MOVWF      Soft_I2C_Read_temp_L0+1
;__Lib_SoftI2C.c,89 :: 		
L_Soft_I2C_Read3:
0x0092	0x0831      	MOVF       Soft_I2C_Read_temp_L0, 0
0x0093	0x0432      	IORWF      Soft_I2C_Read_temp_L0+1, 0
0x0094	0x1903      	BTFSC      STATUS, 2
0x0095	0x28B5      	GOTO       L_Soft_I2C_Read4
;__Lib_SoftI2C.c,90 :: 		
0x0096	0x2003      	CALL       _Delay_1us
0x0097	0x2003      	CALL       _Delay_1us
;__Lib_SoftI2C.c,92 :: 		
0x0098	0x1683      	BSF        STATUS, 5
0x0099	0x1607      	BSF        Soft_I2C_Sda_Direction, BitPos(Soft_I2C_Sda_Direction+0)
;__Lib_SoftI2C.c,94 :: 		
0x009A	0x2003      	CALL       _Delay_1us
0x009B	0x2003      	CALL       _Delay_1us
;__Lib_SoftI2C.c,96 :: 		
0x009C	0x1587      	BSF        Soft_I2C_Scl_Direction, BitPos(Soft_I2C_Scl_Direction+0)
;__Lib_SoftI2C.c,98 :: 		
0x009D	0x1283      	BCF        STATUS, 5
0x009E	0x1024      	BCF        __Lib_SoftI2C___StopWaiting, BitPos(__Lib_SoftI2C___StopWaiting+0)
;__Lib_SoftI2C.c,99 :: 		
L_Soft_I2C_Read5:
0x009F	0x1987      	BTFSC      Soft_I2C_Scl, BitPos(Soft_I2C_Scl+0)
0x00A0	0x28A5      	GOTO       L_Soft_I2C_Read6
;__Lib_SoftI2C.c,100 :: 		
0x00A1	0x1C24      	BTFSS      __Lib_SoftI2C___StopWaiting, BitPos(__Lib_SoftI2C___StopWaiting+0)
0x00A2	0x28A4      	GOTO       L_Soft_I2C_Read7
;__Lib_SoftI2C.c,101 :: 		
0x00A3	0x28A5      	GOTO       L_Soft_I2C_Read6
L_Soft_I2C_Read7:
0x00A4	0x289F      	GOTO       L_Soft_I2C_Read5
L_Soft_I2C_Read6:
;__Lib_SoftI2C.c,103 :: 		
0x00A5	0x1E07      	BTFSS      Soft_I2C_Sda, BitPos(Soft_I2C_Sda+0)
0x00A6	0x28AB      	GOTO       L_Soft_I2C_Read8
;__Lib_SoftI2C.c,104 :: 		
0x00A7	0x0831      	MOVF       Soft_I2C_Read_temp_L0, 0
0x00A8	0x04AF      	IORWF      Soft_I2C_Read_result_L0, 1
0x00A9	0x0832      	MOVF       Soft_I2C_Read_temp_L0+1, 0
0x00AA	0x04B0      	IORWF      Soft_I2C_Read_result_L0+1, 1
L_Soft_I2C_Read8:
;__Lib_SoftI2C.c,106 :: 		
0x00AB	0x2003      	CALL       _Delay_1us
0x00AC	0x2003      	CALL       _Delay_1us
;__Lib_SoftI2C.c,108 :: 		
0x00AD	0x2011      	CALL       __Lib_SoftI2C_PutZerosToLATScl
;__Lib_SoftI2C.c,109 :: 		
0x00AE	0x1683      	BSF        STATUS, 5
0x00AF	0x1187      	BCF        Soft_I2C_Scl_Direction, BitPos(Soft_I2C_Scl_Direction+0)
;__Lib_SoftI2C.c,111 :: 		
0x00B0	0x1283      	BCF        STATUS, 5
0x00B1	0x0CB2      	RRF        Soft_I2C_Read_temp_L0+1, 1
0x00B2	0x0CB1      	RRF        Soft_I2C_Read_temp_L0, 1
0x00B3	0x13B2      	BCF        Soft_I2C_Read_temp_L0+1, 7
;__Lib_SoftI2C.c,112 :: 		
0x00B4	0x2892      	GOTO       L_Soft_I2C_Read3
L_Soft_I2C_Read4:
;__Lib_SoftI2C.c,114 :: 		
0x00B5	0x1683      	BSF        STATUS, 5
0x00B6	0x1607      	BSF        Soft_I2C_Sda_Direction, BitPos(Soft_I2C_Sda_Direction+0)
;__Lib_SoftI2C.c,116 :: 		
0x00B7	0x2003      	CALL       _Delay_1us
0x00B8	0x2003      	CALL       _Delay_1us
;__Lib_SoftI2C.c,118 :: 		
0x00B9	0x1283      	BCF        STATUS, 5
0x00BA	0x082D      	MOVF       FARG_Soft_I2C_Read_ack, 0
0x00BB	0x042E      	IORWF      FARG_Soft_I2C_Read_ack+1, 0
0x00BC	0x1903      	BTFSC      STATUS, 2
0x00BD	0x28C1      	GOTO       L_Soft_I2C_Read9
;__Lib_SoftI2C.c,119 :: 		
0x00BE	0x2006      	CALL       __Lib_SoftI2C_PutZerosToLATSda
;__Lib_SoftI2C.c,120 :: 		
0x00BF	0x1683      	BSF        STATUS, 5
0x00C0	0x1207      	BCF        Soft_I2C_Sda_Direction, BitPos(Soft_I2C_Sda_Direction+0)
;__Lib_SoftI2C.c,121 :: 		
L_Soft_I2C_Read9:
0x00C1	0x1683      	BSF        STATUS, 5
;__Lib_SoftI2C.c,123 :: 		
0x00C2	0x2003      	CALL       _Delay_1us
0x00C3	0x2003      	CALL       _Delay_1us
;__Lib_SoftI2C.c,125 :: 		
0x00C4	0x1587      	BSF        Soft_I2C_Scl_Direction, BitPos(Soft_I2C_Scl_Direction+0)
;__Lib_SoftI2C.c,127 :: 		
0x00C5	0x1283      	BCF        STATUS, 5
0x00C6	0x1024      	BCF        __Lib_SoftI2C___StopWaiting, BitPos(__Lib_SoftI2C___StopWaiting+0)
;__Lib_SoftI2C.c,128 :: 		
L_Soft_I2C_Read10:
0x00C7	0x1987      	BTFSC      Soft_I2C_Scl, BitPos(Soft_I2C_Scl+0)
0x00C8	0x28CD      	GOTO       L_Soft_I2C_Read11
;__Lib_SoftI2C.c,129 :: 		
0x00C9	0x1C24      	BTFSS      __Lib_SoftI2C___StopWaiting, BitPos(__Lib_SoftI2C___StopWaiting+0)
0x00CA	0x28CC      	GOTO       L_Soft_I2C_Read12
;__Lib_SoftI2C.c,130 :: 		
0x00CB	0x28CD      	GOTO       L_Soft_I2C_Read11
L_Soft_I2C_Read12:
0x00CC	0x28C7      	GOTO       L_Soft_I2C_Read10
L_Soft_I2C_Read11:
;__Lib_SoftI2C.c,132 :: 		
0x00CD	0x2003      	CALL       _Delay_1us
0x00CE	0x2003      	CALL       _Delay_1us
;__Lib_SoftI2C.c,134 :: 		
0x00CF	0x2011      	CALL       __Lib_SoftI2C_PutZerosToLATScl
;__Lib_SoftI2C.c,135 :: 		
0x00D0	0x1683      	BSF        STATUS, 5
0x00D1	0x1187      	BCF        Soft_I2C_Scl_Direction, BitPos(Soft_I2C_Scl_Direction+0)
;__Lib_SoftI2C.c,137 :: 		
0x00D2	0x2003      	CALL       _Delay_1us
0x00D3	0x2003      	CALL       _Delay_1us
;__Lib_SoftI2C.c,139 :: 		
0x00D4	0x2006      	CALL       __Lib_SoftI2C_PutZerosToLATSda
;__Lib_SoftI2C.c,140 :: 		
0x00D5	0x1683      	BSF        STATUS, 5
0x00D6	0x1207      	BCF        Soft_I2C_Sda_Direction, BitPos(Soft_I2C_Sda_Direction+0)
;__Lib_SoftI2C.c,142 :: 		
0x00D7	0x1283      	BCF        STATUS, 5
0x00D8	0x082F      	MOVF       Soft_I2C_Read_result_L0, 0
0x00D9	0x00F0      	MOVWF      R0
;__Lib_SoftI2C.c,143 :: 		
L_end_Soft_I2C_Read:
0x00DA	0x0008      	RETURN
; end of _Soft_I2C_Read
_Soft_I2C_Stop:
;__Lib_SoftI2C.c,168 :: 		
;__Lib_SoftI2C.c,170 :: 		
0x00DB	0x2006      	CALL       __Lib_SoftI2C_PutZerosToLATSda
;__Lib_SoftI2C.c,171 :: 		
0x00DC	0x1683      	BSF        STATUS, 5
0x00DD	0x1207      	BCF        Soft_I2C_Sda_Direction, BitPos(Soft_I2C_Sda_Direction+0)
;__Lib_SoftI2C.c,173 :: 		
0x00DE	0x2003      	CALL       _Delay_1us
0x00DF	0x2003      	CALL       _Delay_1us
;__Lib_SoftI2C.c,175 :: 		
0x00E0	0x1587      	BSF        Soft_I2C_Scl_Direction, BitPos(Soft_I2C_Scl_Direction+0)
;__Lib_SoftI2C.c,177 :: 		
0x00E1	0x1283      	BCF        STATUS, 5
0x00E2	0x1024      	BCF        __Lib_SoftI2C___StopWaiting, BitPos(__Lib_SoftI2C___StopWaiting+0)
;__Lib_SoftI2C.c,178 :: 		
L_Soft_I2C_Stop13:
0x00E3	0x1987      	BTFSC      Soft_I2C_Scl, BitPos(Soft_I2C_Scl+0)
0x00E4	0x28E9      	GOTO       L_Soft_I2C_Stop14
;__Lib_SoftI2C.c,179 :: 		
0x00E5	0x1C24      	BTFSS      __Lib_SoftI2C___StopWaiting, BitPos(__Lib_SoftI2C___StopWaiting+0)
0x00E6	0x28E8      	GOTO       L_Soft_I2C_Stop15
;__Lib_SoftI2C.c,180 :: 		
0x00E7	0x28E9      	GOTO       L_Soft_I2C_Stop14
L_Soft_I2C_Stop15:
0x00E8	0x28E3      	GOTO       L_Soft_I2C_Stop13
L_Soft_I2C_Stop14:
;__Lib_SoftI2C.c,182 :: 		
0x00E9	0x2003      	CALL       _Delay_1us
0x00EA	0x2003      	CALL       _Delay_1us
;__Lib_SoftI2C.c,183 :: 		
0x00EB	0x2003      	CALL       _Delay_1us
0x00EC	0x2003      	CALL       _Delay_1us
;__Lib_SoftI2C.c,184 :: 		
0x00ED	0x2003      	CALL       _Delay_1us
0x00EE	0x2003      	CALL       _Delay_1us
;__Lib_SoftI2C.c,185 :: 		
0x00EF	0x2003      	CALL       _Delay_1us
0x00F0	0x2003      	CALL       _Delay_1us
;__Lib_SoftI2C.c,187 :: 		
0x00F1	0x1683      	BSF        STATUS, 5
0x00F2	0x1607      	BSF        Soft_I2C_Sda_Direction, BitPos(Soft_I2C_Sda_Direction+0)
;__Lib_SoftI2C.c,189 :: 		
0x00F3	0x2003      	CALL       _Delay_1us
0x00F4	0x2003      	CALL       _Delay_1us
;__Lib_SoftI2C.c,190 :: 		
L_end_Soft_I2C_Stop:
0x00F5	0x0008      	RETURN
; end of _Soft_I2C_Stop
_Soft_I2C_Start:
;__Lib_SoftI2C.c,147 :: 		
;__Lib_SoftI2C.c,148 :: 		
0x00F6	0x1683      	BSF        STATUS, 5
0x00F7	0x1303      	BCF        STATUS, 6
0x00F8	0x1607      	BSF        Soft_I2C_Sda_Direction, BitPos(Soft_I2C_Sda_Direction+0)
;__Lib_SoftI2C.c,150 :: 		
0x00F9	0x2003      	CALL       _Delay_1us
0x00FA	0x2003      	CALL       _Delay_1us
;__Lib_SoftI2C.c,152 :: 		
0x00FB	0x1587      	BSF        Soft_I2C_Scl_Direction, BitPos(Soft_I2C_Scl_Direction+0)
;__Lib_SoftI2C.c,154 :: 		
0x00FC	0x2003      	CALL       _Delay_1us
0x00FD	0x2003      	CALL       _Delay_1us
;__Lib_SoftI2C.c,156 :: 		
0x00FE	0x2006      	CALL       __Lib_SoftI2C_PutZerosToLATSda
;__Lib_SoftI2C.c,157 :: 		
0x00FF	0x1683      	BSF        STATUS, 5
0x0100	0x1207      	BCF        Soft_I2C_Sda_Direction, BitPos(Soft_I2C_Sda_Direction+0)
;__Lib_SoftI2C.c,159 :: 		
0x0101	0x2003      	CALL       _Delay_1us
0x0102	0x2003      	CALL       _Delay_1us
;__Lib_SoftI2C.c,161 :: 		
0x0103	0x2011      	CALL       __Lib_SoftI2C_PutZerosToLATScl
;__Lib_SoftI2C.c,162 :: 		
0x0104	0x1683      	BSF        STATUS, 5
0x0105	0x1187      	BCF        Soft_I2C_Scl_Direction, BitPos(Soft_I2C_Scl_Direction+0)
;__Lib_SoftI2C.c,165 :: 		
L_end_Soft_I2C_Start:
0x0106	0x0008      	RETURN
; end of _Soft_I2C_Start
_read_I2C:
;I2C.c,20 :: 		uint8_t read_I2C(uint8_t sa_addr,uint16_t buf_addr)
;I2C.c,22 :: 		uint8_t buf=0;
0x0107	0x1283      	BCF        STATUS, 5
0x0108	0x1303      	BCF        STATUS, 6
0x0109	0x01AC      	CLRF       read_I2C_buf_L0
;I2C.c,23 :: 		Soft_I2C_Start();
0x010A	0x20F6      	CALL       _Soft_I2C_Start
;I2C.c,24 :: 		Soft_I2C_Write(sa_addr | ((buf_addr>>7)&0x0E));
0x010B	0x3007      	MOVLW      7
0x010C	0x00F2      	MOVWF      R2
0x010D	0x1283      	BCF        STATUS, 5
0x010E	0x082A      	MOVF       FARG_read_I2C_buf_addr, 0
0x010F	0x00F0      	MOVWF      R0
0x0110	0x082B      	MOVF       FARG_read_I2C_buf_addr+1, 0
0x0111	0x00F1      	MOVWF      R0+1
0x0112	0x0872      	MOVF       R2, 0
L__read_I2C6:
0x0113	0x1903      	BTFSC      STATUS, 2
0x0114	0x291A      	GOTO       L__read_I2C7
0x0115	0x0CF1      	RRF        R0+1, 1
0x0116	0x0CF0      	RRF        R0, 1
0x0117	0x13F1      	BCF        R0+1, 7
0x0118	0x3EFF      	ADDLW      255
0x0119	0x2913      	GOTO       L__read_I2C6
L__read_I2C7:
0x011A	0x300E      	MOVLW      14
0x011B	0x05F0      	ANDWF      R0, 1
0x011C	0x0870      	MOVF       R0, 0
0x011D	0x0429      	IORWF      FARG_read_I2C_sa_addr, 0
0x011E	0x00AD      	MOVWF      FARG_Soft_I2C_Write_data_
0x011F	0x201C      	CALL       _Soft_I2C_Write
;I2C.c,25 :: 		Soft_I2C_Write((uint8_t)buf_addr&0xFF);
0x0120	0x30FF      	MOVLW      255
0x0121	0x052A      	ANDWF      FARG_read_I2C_buf_addr, 0
0x0122	0x00AD      	MOVWF      FARG_Soft_I2C_Write_data_
0x0123	0x201C      	CALL       _Soft_I2C_Write
;I2C.c,26 :: 		Soft_I2C_Start();
0x0124	0x20F6      	CALL       _Soft_I2C_Start
;I2C.c,27 :: 		Soft_I2C_write(sa_addr|1);
0x0125	0x3001      	MOVLW      1
0x0126	0x1283      	BCF        STATUS, 5
0x0127	0x0429      	IORWF      FARG_read_I2C_sa_addr, 0
0x0128	0x00AD      	MOVWF      FARG_Soft_I2C_Write_data_
0x0129	0x201C      	CALL       _Soft_I2C_Write
;I2C.c,28 :: 		buf=Soft_I2C_Read(0);
0x012A	0x01AD      	CLRF       FARG_Soft_I2C_Read_ack
0x012B	0x01AE      	CLRF       FARG_Soft_I2C_Read_ack+1
0x012C	0x208A      	CALL       _Soft_I2C_Read
0x012D	0x0870      	MOVF       R0, 0
0x012E	0x00AC      	MOVWF      read_I2C_buf_L0
;I2C.c,29 :: 		Soft_I2C_Stop();
0x012F	0x20DB      	CALL       _Soft_I2C_Stop
;I2C.c,30 :: 		return buf;
0x0130	0x1283      	BCF        STATUS, 5
0x0131	0x082C      	MOVF       read_I2C_buf_L0, 0
0x0132	0x00F0      	MOVWF      R0
;I2C.c,31 :: 		}
L_end_read_I2C:
0x0133	0x0008      	RETURN
; end of _read_I2C
_Check_time:
;I2C.c,33 :: 		void Check_time(void)
;I2C.c,36 :: 		p_sec=sec;
0x0134	0x1283      	BCF        STATUS, 5
0x0135	0x1303      	BCF        STATUS, 6
0x0136	0x0825      	MOVF       _sec, 0
0x0137	0x00A3      	MOVWF      _p_sec
;I2C.c,37 :: 		sec=read_I2C(0xD0,0x00);
0x0138	0x30D0      	MOVLW      208
0x0139	0x00A9      	MOVWF      FARG_read_I2C_sa_addr
0x013A	0x01AA      	CLRF       FARG_read_I2C_buf_addr
0x013B	0x01AB      	CLRF       FARG_read_I2C_buf_addr+1
0x013C	0x2107      	CALL       _read_I2C
0x013D	0x0870      	MOVF       R0, 0
0x013E	0x00A5      	MOVWF      _sec
;I2C.c,38 :: 		delay_ms(10);
0x013F	0x301A      	MOVLW      26
0x0140	0x00FC      	MOVWF      R12
0x0141	0x30F8      	MOVLW      248
0x0142	0x00FD      	MOVWF      R13
L_Check_time1:
0x0143	0x0BFD      	DECFSZ     R13, 1
0x0144	0x2943      	GOTO       L_Check_time1
0x0145	0x0BFC      	DECFSZ     R12, 1
0x0146	0x2943      	GOTO       L_Check_time1
0x0147	0x0000      	NOP
;I2C.c,58 :: 		}
L_end_Check_time:
0x0148	0x0008      	RETURN
; end of _Check_time
_Mul_16X16_U:
;__Lib_Math.c,136 :: 		
;__Lib_Math.c,143 :: 		
0x0149	0x1283      	BCF        STATUS, 5
;__Lib_Math.c,144 :: 		
0x014A	0x1303      	BCF        STATUS, 6
;__Lib_Math.c,145 :: 		
0x014B	0x01FB      	CLRF       R11
;__Lib_Math.c,146 :: 		
0x014C	0x01FA      	CLRF       R10
;__Lib_Math.c,147 :: 		
0x014D	0x01F9      	CLRF       R9
;__Lib_Math.c,148 :: 		
0x014E	0x3080      	MOVLW      128
;__Lib_Math.c,149 :: 		
0x014F	0x00F8      	MOVWF      R8
;__Lib_Math.c,150 :: 		
0x0150	0x0CF1      	RRF        R1, 1
;__Lib_Math.c,151 :: 		
0x0151	0x0CF0      	RRF        R0, 1
;__Lib_Math.c,152 :: 		
0x0152	0x1C03      	BTFSS      STATUS, 0
;__Lib_Math.c,153 :: 		
0x0153	0x295D      	GOTO       $+10
;__Lib_Math.c,154 :: 		
0x0154	0x0874      	MOVF       R4, 0
;__Lib_Math.c,155 :: 		
0x0155	0x07F9      	ADDWF      R9, 1
;__Lib_Math.c,156 :: 		
0x0156	0x0875      	MOVF       R5, 0
;__Lib_Math.c,157 :: 		
0x0157	0x1803      	BTFSC      STATUS, 0
;__Lib_Math.c,158 :: 		
0x0158	0x0F75      	INCFSZ     R5, 0
;__Lib_Math.c,159 :: 		
0x0159	0x07FA      	ADDWF      R10, 1
;__Lib_Math.c,160 :: 		
0x015A	0x1803      	BTFSC      STATUS, 0
;__Lib_Math.c,161 :: 		
0x015B	0x0AFB      	INCF       R11, 1
;__Lib_Math.c,162 :: 		
0x015C	0x1003      	BCF        STATUS, 0
;__Lib_Math.c,163 :: 		
0x015D	0x1FF0      	BTFSS      R0, 7
;__Lib_Math.c,164 :: 		
0x015E	0x2965      	GOTO       $+7
;__Lib_Math.c,165 :: 		
0x015F	0x0874      	MOVF       R4, 0
;__Lib_Math.c,166 :: 		
0x0160	0x07FA      	ADDWF      R10, 1
;__Lib_Math.c,167 :: 		
0x0161	0x0875      	MOVF       R5, 0
;__Lib_Math.c,168 :: 		
0x0162	0x1803      	BTFSC      STATUS, 0
;__Lib_Math.c,169 :: 		
0x0163	0x0F75      	INCFSZ     R5, 0
;__Lib_Math.c,170 :: 		
0x0164	0x07FB      	ADDWF      R11, 1
;__Lib_Math.c,171 :: 		
0x0165	0x0CFB      	RRF        R11, 1
;__Lib_Math.c,172 :: 		
0x0166	0x0CFA      	RRF        R10, 1
;__Lib_Math.c,173 :: 		
0x0167	0x0CF9      	RRF        R9, 1
;__Lib_Math.c,174 :: 		
0x0168	0x0CF8      	RRF        R8, 1
;__Lib_Math.c,175 :: 		
0x0169	0x1C03      	BTFSS      STATUS, 0
;__Lib_Math.c,176 :: 		
0x016A	0x2950      	GOTO       $-26
;__Lib_Math.c,177 :: 		
0x016B	0x087B      	MOVF       R11, 0
;__Lib_Math.c,178 :: 		
0x016C	0x00F3      	MOVWF      R3
;__Lib_Math.c,179 :: 		
0x016D	0x087A      	MOVF       R10, 0
;__Lib_Math.c,180 :: 		
0x016E	0x00F2      	MOVWF      R2
;__Lib_Math.c,181 :: 		
0x016F	0x0879      	MOVF       R9, 0
;__Lib_Math.c,182 :: 		
0x0170	0x00F1      	MOVWF      R1
;__Lib_Math.c,183 :: 		
0x0171	0x0878      	MOVF       R8, 0
;__Lib_Math.c,184 :: 		
0x0172	0x00F0      	MOVWF      R0
;__Lib_Math.c,187 :: 		
L_end_Mul_16X16_U:
0x0173	0x0008      	RETURN
; end of _Mul_16X16_U
_____DoICP:
;__Lib_System.c,6 :: 		
;__Lib_System.c,9 :: 		
0x0174	0x1283      	BCF        STATUS, 5
0x0175	0x1303      	BCF        STATUS, 6
0x0176	0x0821      	MOVF       ___DoICPAddr+1, 0
0x0177	0x008A      	MOVWF      PCLATH
;__Lib_System.c,10 :: 		
0x0178	0x0820      	MOVF       ___DoICPAddr, 0
0x0179	0x0082      	MOVWF      PCL
;__Lib_System.c,12 :: 		
L_end_____DoICP:
0x017A	0x0008      	RETURN
; end of _____DoICP
_change_time:
;Digital_Clock.c,50 :: 		void change_time()
;Digital_Clock.c,53 :: 		for(m=0;m<7;m++)         //rotating variable
0x017B	0x1283      	BCF        STATUS, 5
0x017C	0x1303      	BCF        STATUS, 6
0x017D	0x01A2      	CLRF       _m
L_change_time11:
0x017E	0x3007      	MOVLW      7
0x017F	0x0222      	SUBWF      _m, 0
0x0180	0x1803      	BTFSC      STATUS, 0
0x0181	0x2A5B      	GOTO       L_change_time12
;Digital_Clock.c,55 :: 		Check_time();
0x0182	0x2134      	CALL       _Check_time
;Digital_Clock.c,56 :: 		for(j=0;j<10;j++)     //delay
0x0183	0x01A6      	CLRF       _j
L_change_time14:
0x0184	0x300A      	MOVLW      10
0x0185	0x0226      	SUBWF      _j, 0
0x0186	0x1803      	BTFSC      STATUS, 0
0x0187	0x2A59      	GOTO       L_change_time15
;Digital_Clock.c,58 :: 		SEG1=1;SEG2=0;
0x0188	0x1405      	BSF        RA0_bit, BitPos(RA0_bit+0)
0x0189	0x1085      	BCF        RA1_bit, BitPos(RA1_bit+0)
;Digital_Clock.c,59 :: 		for(k=0;k<7;k++)   //row data
0x018A	0x01A7      	CLRF       _k
L_change_time17:
0x018B	0x3007      	MOVLW      7
0x018C	0x0227      	SUBWF      _k, 0
0x018D	0x1803      	BTFSC      STATUS, 0
0x018E	0x2A15      	GOTO       L_change_time18
;Digital_Clock.c,61 :: 		dat=0x01;
0x018F	0x3001      	MOVLW      1
0x0190	0x00A8      	MOVWF      _dat
;Digital_Clock.c,62 :: 		dat=dat<<k;
0x0191	0x0827      	MOVF       _k, 0
0x0192	0x00F1      	MOVWF      R1
0x0193	0x0828      	MOVF       _dat, 0
0x0194	0x00F0      	MOVWF      R0
0x0195	0x0871      	MOVF       R1, 0
L__change_time40:
0x0196	0x1903      	BTFSC      STATUS, 2
0x0197	0x299C      	GOTO       L__change_time41
0x0198	0x0DF0      	RLF        R0, 1
0x0199	0x1070      	BCF        R0, 0
0x019A	0x3EFF      	ADDLW      255
0x019B	0x2996      	GOTO       L__change_time40
L__change_time41:
0x019C	0x0870      	MOVF       R0, 0
0x019D	0x00A8      	MOVWF      _dat
;Digital_Clock.c,63 :: 		PortB=~dat;
0x019E	0x0970      	COMF       R0, 0
0x019F	0x0086      	MOVWF      PORTB
;Digital_Clock.c,64 :: 		if(((p_sec>>4)&0x0F==5)||p_sec<10){PortD=~c5_c0[0][k+m]; delay_ms(1);}
0x01A0	0x0823      	MOVF       _p_sec, 0
0x01A1	0x00F0      	MOVWF      R0
0x01A2	0x0CF0      	RRF        R0, 1
0x01A3	0x13F0      	BCF        R0, 7
0x01A4	0x0CF0      	RRF        R0, 1
0x01A5	0x13F0      	BCF        R0, 7
0x01A6	0x0CF0      	RRF        R0, 1
0x01A7	0x13F0      	BCF        R0, 7
0x01A8	0x0CF0      	RRF        R0, 1
0x01A9	0x13F0      	BCF        R0, 7
0x01AA	0x3000      	MOVLW      0
0x01AB	0x05F0      	ANDWF      R0, 1
0x01AC	0x0870      	MOVF       R0, 0
0x01AD	0x1D03      	BTFSS      STATUS, 2
0x01AE	0x29B4      	GOTO       L__change_time33
0x01AF	0x300A      	MOVLW      10
0x01B0	0x0223      	SUBWF      _p_sec, 0
0x01B1	0x1C03      	BTFSS      STATUS, 0
0x01B2	0x29B4      	GOTO       L__change_time33
0x01B3	0x29D5      	GOTO       L_change_time22
L__change_time33:
0x01B4	0x0822      	MOVF       _m, 0
0x01B5	0x0727      	ADDWF      _k, 0
0x01B6	0x00F0      	MOVWF      R0
0x01B7	0x01F1      	CLRF       R0+1
0x01B8	0x1803      	BTFSC      STATUS, 0
0x01B9	0x0AF1      	INCF       R0+1, 1
0x01BA	0x3072      	MOVLW      _c5_c0
0x01BB	0x07F0      	ADDWF      R0, 1
0x01BC	0x3003      	MOVLW      hi_addr(_c5_c0)
0x01BD	0x1803      	BTFSC      STATUS, 0
0x01BE	0x3E01      	ADDLW      1
0x01BF	0x07F1      	ADDWF      R0+1, 1
0x01C0	0x0870      	MOVF       R0, 0
0x01C1	0x00A0      	MOVWF      ___DoICPAddr
0x01C2	0x0871      	MOVF       R0+1, 0
0x01C3	0x00A1      	MOVWF      ___DoICPAddr+1
0x01C4	0x2174      	CALL       _____DoICP
0x01C5	0x118A      	BCF        PCLATH, 3
0x01C6	0x120A      	BCF        PCLATH, 4
0x01C7	0x00F0      	MOVWF      R0
0x01C8	0x0970      	COMF       R0, 0
0x01C9	0x0088      	MOVWF      PORTD
0x01CA	0x3003      	MOVLW      3
0x01CB	0x00FC      	MOVWF      R12
0x01CC	0x3097      	MOVLW      151
0x01CD	0x00FD      	MOVWF      R13
L_change_time23:
0x01CE	0x0BFD      	DECFSZ     R13, 1
0x01CF	0x29CE      	GOTO       L_change_time23
0x01D0	0x0BFC      	DECFSZ     R12, 1
0x01D1	0x29CE      	GOTO       L_change_time23
0x01D2	0x0000      	NOP
0x01D3	0x0000      	NOP
0x01D4	0x2A13      	GOTO       L_change_time24
L_change_time22:
;Digital_Clock.c,65 :: 		else{PortD=~num_dat[((p_sec>>4)&0x0F)-1][k+m]; delay_ms(1);}
0x01D5	0x0823      	MOVF       _p_sec, 0
0x01D6	0x00F0      	MOVWF      R0
0x01D7	0x0CF0      	RRF        R0, 1
0x01D8	0x13F0      	BCF        R0, 7
0x01D9	0x0CF0      	RRF        R0, 1
0x01DA	0x13F0      	BCF        R0, 7
0x01DB	0x0CF0      	RRF        R0, 1
0x01DC	0x13F0      	BCF        R0, 7
0x01DD	0x0CF0      	RRF        R0, 1
0x01DE	0x13F0      	BCF        R0, 7
0x01DF	0x300F      	MOVLW      15
0x01E0	0x05F0      	ANDWF      R0, 1
0x01E1	0x3001      	MOVLW      1
0x01E2	0x02F0      	SUBWF      R0, 1
0x01E3	0x01F1      	CLRF       R0+1
0x01E4	0x1C03      	BTFSS      STATUS, 0
0x01E5	0x03F1      	DECF       R0+1, 1
0x01E6	0x3007      	MOVLW      7
0x01E7	0x00F4      	MOVWF      R4
0x01E8	0x3000      	MOVLW      0
0x01E9	0x00F5      	MOVWF      R4+1
0x01EA	0x2149      	CALL       _Mul_16X16_U
0x01EB	0x0870      	MOVF       R0, 0
0x01EC	0x3E2C      	ADDLW      _num_dat
0x01ED	0x00F2      	MOVWF      R2
0x01EE	0x3003      	MOVLW      hi_addr(_num_dat)
0x01EF	0x1803      	BTFSC      STATUS, 0
0x01F0	0x3E01      	ADDLW      1
0x01F1	0x0771      	ADDWF      R0+1, 0
0x01F2	0x00F3      	MOVWF      R2+1
0x01F3	0x0822      	MOVF       _m, 0
0x01F4	0x0727      	ADDWF      _k, 0
0x01F5	0x00F0      	MOVWF      R0
0x01F6	0x01F1      	CLRF       R0+1
0x01F7	0x1803      	BTFSC      STATUS, 0
0x01F8	0x0AF1      	INCF       R0+1, 1
0x01F9	0x0872      	MOVF       R2, 0
0x01FA	0x07F0      	ADDWF      R0, 1
0x01FB	0x0873      	MOVF       R2+1, 0
0x01FC	0x1803      	BTFSC      STATUS, 0
0x01FD	0x3E01      	ADDLW      1
0x01FE	0x07F1      	ADDWF      R0+1, 1
0x01FF	0x0870      	MOVF       R0, 0
0x0200	0x00A0      	MOVWF      ___DoICPAddr
0x0201	0x0871      	MOVF       R0+1, 0
0x0202	0x00A1      	MOVWF      ___DoICPAddr+1
0x0203	0x2174      	CALL       _____DoICP
0x0204	0x118A      	BCF        PCLATH, 3
0x0205	0x120A      	BCF        PCLATH, 4
0x0206	0x00F0      	MOVWF      R0
0x0207	0x0970      	COMF       R0, 0
0x0208	0x0088      	MOVWF      PORTD
0x0209	0x3003      	MOVLW      3
0x020A	0x00FC      	MOVWF      R12
0x020B	0x3097      	MOVLW      151
0x020C	0x00FD      	MOVWF      R13
L_change_time25:
0x020D	0x0BFD      	DECFSZ     R13, 1
0x020E	0x2A0D      	GOTO       L_change_time25
0x020F	0x0BFC      	DECFSZ     R12, 1
0x0210	0x2A0D      	GOTO       L_change_time25
0x0211	0x0000      	NOP
0x0212	0x0000      	NOP
L_change_time24:
;Digital_Clock.c,59 :: 		for(k=0;k<7;k++)   //row data
0x0213	0x0AA7      	INCF       _k, 1
;Digital_Clock.c,67 :: 		}
0x0214	0x298B      	GOTO       L_change_time17
L_change_time18:
;Digital_Clock.c,69 :: 		SEG1=0;SEG2=1;
0x0215	0x1005      	BCF        RA0_bit, BitPos(RA0_bit+0)
0x0216	0x1485      	BSF        RA1_bit, BitPos(RA1_bit+0)
;Digital_Clock.c,70 :: 		for(k=0;k<7;k++)   //row data
0x0217	0x01A7      	CLRF       _k
L_change_time26:
0x0218	0x3007      	MOVLW      7
0x0219	0x0227      	SUBWF      _k, 0
0x021A	0x1803      	BTFSC      STATUS, 0
0x021B	0x2A57      	GOTO       L_change_time27
;Digital_Clock.c,72 :: 		dat=0x01;
0x021C	0x3001      	MOVLW      1
0x021D	0x00A8      	MOVWF      _dat
;Digital_Clock.c,73 :: 		dat=dat<<k;
0x021E	0x0827      	MOVF       _k, 0
0x021F	0x00F1      	MOVWF      R1
0x0220	0x0828      	MOVF       _dat, 0
0x0221	0x00F0      	MOVWF      R0
0x0222	0x0871      	MOVF       R1, 0
L__change_time42:
0x0223	0x1903      	BTFSC      STATUS, 2
0x0224	0x2A29      	GOTO       L__change_time43
0x0225	0x0DF0      	RLF        R0, 1
0x0226	0x1070      	BCF        R0, 0
0x0227	0x3EFF      	ADDLW      255
0x0228	0x2A23      	GOTO       L__change_time42
L__change_time43:
0x0229	0x0870      	MOVF       R0, 0
0x022A	0x00A8      	MOVWF      _dat
;Digital_Clock.c,74 :: 		PortB=~dat;
0x022B	0x0970      	COMF       R0, 0
0x022C	0x0086      	MOVWF      PORTB
;Digital_Clock.c,75 :: 		PortD=~num_dat[sec&0x0F][k];delay_ms(1);
0x022D	0x300F      	MOVLW      15
0x022E	0x0525      	ANDWF      _sec, 0
0x022F	0x00F0      	MOVWF      R0
0x0230	0x3000      	MOVLW      0
0x0231	0x00F1      	MOVWF      R0+1
0x0232	0x3007      	MOVLW      7
0x0233	0x00F4      	MOVWF      R4
0x0234	0x3000      	MOVLW      0
0x0235	0x00F5      	MOVWF      R4+1
0x0236	0x2149      	CALL       _Mul_16X16_U
0x0237	0x302C      	MOVLW      _num_dat
0x0238	0x07F0      	ADDWF      R0, 1
0x0239	0x3003      	MOVLW      hi_addr(_num_dat)
0x023A	0x1803      	BTFSC      STATUS, 0
0x023B	0x3E01      	ADDLW      1
0x023C	0x07F1      	ADDWF      R0+1, 1
0x023D	0x0827      	MOVF       _k, 0
0x023E	0x07F0      	ADDWF      R0, 1
0x023F	0x1803      	BTFSC      STATUS, 0
0x0240	0x0AF1      	INCF       R0+1, 1
0x0241	0x0870      	MOVF       R0, 0
0x0242	0x00A0      	MOVWF      ___DoICPAddr
0x0243	0x0871      	MOVF       R0+1, 0
0x0244	0x00A1      	MOVWF      ___DoICPAddr+1
0x0245	0x2174      	CALL       _____DoICP
0x0246	0x118A      	BCF        PCLATH, 3
0x0247	0x120A      	BCF        PCLATH, 4
0x0248	0x00F0      	MOVWF      R0
0x0249	0x0970      	COMF       R0, 0
0x024A	0x0088      	MOVWF      PORTD
0x024B	0x3003      	MOVLW      3
0x024C	0x00FC      	MOVWF      R12
0x024D	0x3097      	MOVLW      151
0x024E	0x00FD      	MOVWF      R13
L_change_time29:
0x024F	0x0BFD      	DECFSZ     R13, 1
0x0250	0x2A4F      	GOTO       L_change_time29
0x0251	0x0BFC      	DECFSZ     R12, 1
0x0252	0x2A4F      	GOTO       L_change_time29
0x0253	0x0000      	NOP
0x0254	0x0000      	NOP
;Digital_Clock.c,70 :: 		for(k=0;k<7;k++)   //row data
0x0255	0x0AA7      	INCF       _k, 1
;Digital_Clock.c,76 :: 		}
0x0256	0x2A18      	GOTO       L_change_time26
L_change_time27:
;Digital_Clock.c,56 :: 		for(j=0;j<10;j++)     //delay
0x0257	0x0AA6      	INCF       _j, 1
;Digital_Clock.c,77 :: 		}
0x0258	0x2984      	GOTO       L_change_time14
L_change_time15:
;Digital_Clock.c,53 :: 		for(m=0;m<7;m++)         //rotating variable
0x0259	0x0AA2      	INCF       _m, 1
;Digital_Clock.c,78 :: 		}
0x025A	0x297E      	GOTO       L_change_time11
L_change_time12:
;Digital_Clock.c,79 :: 		}
L_end_change_time:
0x025B	0x0008      	RETURN
; end of _change_time
___CC2DW:
;__Lib_System.c,134 :: 		
;__Lib_System.c,137 :: 		
_CC2D_Loop1:
;__Lib_System.c,139 :: 		
0x025C	0x2174      	CALL       _____DoICP
0x025D	0x118A      	BCF        PCLATH, 3
0x025E	0x120A      	BCF        PCLATH, 4
;__Lib_System.c,141 :: 		
0x025F	0x0080      	MOVWF      INDF
;__Lib_System.c,142 :: 		
0x0260	0x0A84      	INCF       FSR, 1
;__Lib_System.c,143 :: 		
0x0261	0x0AA0      	INCF       ___DoICPAddr, 1
;__Lib_System.c,145 :: 		
0x0262	0x1903      	BTFSC      STATUS, 2
;__Lib_System.c,146 :: 		
0x0263	0x0AA1      	INCF       ___DoICPAddr+1, 1
;__Lib_System.c,147 :: 		
0x0264	0x03F0      	DECF       R0, 1
;__Lib_System.c,149 :: 		
0x0265	0x1D03      	BTFSS      STATUS, 2
;__Lib_System.c,150 :: 		
0x0266	0x2A5C      	GOTO       _CC2D_Loop1
;__Lib_System.c,152 :: 		
L_end___CC2DW:
0x0267	0x0008      	RETURN
; end of ___CC2DW
_display_time:
;Digital_Clock.c,24 :: 		void display_time()
;Digital_Clock.c,26 :: 		for(j=0;j<10;j++)     //delay
0x0268	0x1283      	BCF        STATUS, 5
0x0269	0x1303      	BCF        STATUS, 6
0x026A	0x01A6      	CLRF       _j
L_display_time0:
0x026B	0x300A      	MOVLW      10
0x026C	0x0226      	SUBWF      _j, 0
0x026D	0x1803      	BTFSC      STATUS, 0
0x026E	0x2AFE      	GOTO       L_display_time1
;Digital_Clock.c,28 :: 		SEG1=1;SEG2=0;
0x026F	0x1405      	BSF        RA0_bit, BitPos(RA0_bit+0)
0x0270	0x1085      	BCF        RA1_bit, BitPos(RA1_bit+0)
;Digital_Clock.c,29 :: 		for(k=0;k<7;k++)   //row data
0x0271	0x01A7      	CLRF       _k
L_display_time3:
0x0272	0x3007      	MOVLW      7
0x0273	0x0227      	SUBWF      _k, 0
0x0274	0x1803      	BTFSC      STATUS, 0
0x0275	0x2ABA      	GOTO       L_display_time4
;Digital_Clock.c,31 :: 		dat=0x01;
0x0276	0x3001      	MOVLW      1
0x0277	0x00A8      	MOVWF      _dat
;Digital_Clock.c,32 :: 		dat=dat<<k;
0x0278	0x0827      	MOVF       _k, 0
0x0279	0x00F1      	MOVWF      R1
0x027A	0x0828      	MOVF       _dat, 0
0x027B	0x00F0      	MOVWF      R0
0x027C	0x0871      	MOVF       R1, 0
L__display_time35:
0x027D	0x1903      	BTFSC      STATUS, 2
0x027E	0x2A83      	GOTO       L__display_time36
0x027F	0x0DF0      	RLF        R0, 1
0x0280	0x1070      	BCF        R0, 0
0x0281	0x3EFF      	ADDLW      255
0x0282	0x2A7D      	GOTO       L__display_time35
L__display_time36:
0x0283	0x0870      	MOVF       R0, 0
0x0284	0x00A8      	MOVWF      _dat
;Digital_Clock.c,33 :: 		PortB=~dat;
0x0285	0x0970      	COMF       R0, 0
0x0286	0x0086      	MOVWF      PORTB
;Digital_Clock.c,34 :: 		PortD=~num_dat[(sec>>4)&0x0F][k]; delay_ms(1);
0x0287	0x0825      	MOVF       _sec, 0
0x0288	0x00F0      	MOVWF      R0
0x0289	0x0CF0      	RRF        R0, 1
0x028A	0x13F0      	BCF        R0, 7
0x028B	0x0CF0      	RRF        R0, 1
0x028C	0x13F0      	BCF        R0, 7
0x028D	0x0CF0      	RRF        R0, 1
0x028E	0x13F0      	BCF        R0, 7
0x028F	0x0CF0      	RRF        R0, 1
0x0290	0x13F0      	BCF        R0, 7
0x0291	0x300F      	MOVLW      15
0x0292	0x05F0      	ANDWF      R0, 1
0x0293	0x3000      	MOVLW      0
0x0294	0x00F1      	MOVWF      R0+1
0x0295	0x3007      	MOVLW      7
0x0296	0x00F4      	MOVWF      R4
0x0297	0x3000      	MOVLW      0
0x0298	0x00F5      	MOVWF      R4+1
0x0299	0x2149      	CALL       _Mul_16X16_U
0x029A	0x302C      	MOVLW      _num_dat
0x029B	0x07F0      	ADDWF      R0, 1
0x029C	0x3003      	MOVLW      hi_addr(_num_dat)
0x029D	0x1803      	BTFSC      STATUS, 0
0x029E	0x3E01      	ADDLW      1
0x029F	0x07F1      	ADDWF      R0+1, 1
0x02A0	0x0827      	MOVF       _k, 0
0x02A1	0x07F0      	ADDWF      R0, 1
0x02A2	0x1803      	BTFSC      STATUS, 0
0x02A3	0x0AF1      	INCF       R0+1, 1
0x02A4	0x0870      	MOVF       R0, 0
0x02A5	0x00A0      	MOVWF      ___DoICPAddr
0x02A6	0x0871      	MOVF       R0+1, 0
0x02A7	0x00A1      	MOVWF      ___DoICPAddr+1
0x02A8	0x2174      	CALL       _____DoICP
0x02A9	0x118A      	BCF        PCLATH, 3
0x02AA	0x120A      	BCF        PCLATH, 4
0x02AB	0x00F0      	MOVWF      R0
0x02AC	0x0970      	COMF       R0, 0
0x02AD	0x0088      	MOVWF      PORTD
0x02AE	0x3003      	MOVLW      3
0x02AF	0x00FC      	MOVWF      R12
0x02B0	0x3097      	MOVLW      151
0x02B1	0x00FD      	MOVWF      R13
L_display_time6:
0x02B2	0x0BFD      	DECFSZ     R13, 1
0x02B3	0x2AB2      	GOTO       L_display_time6
0x02B4	0x0BFC      	DECFSZ     R12, 1
0x02B5	0x2AB2      	GOTO       L_display_time6
0x02B6	0x0000      	NOP
0x02B7	0x0000      	NOP
;Digital_Clock.c,29 :: 		for(k=0;k<7;k++)   //row data
0x02B8	0x0AA7      	INCF       _k, 1
;Digital_Clock.c,35 :: 		}
0x02B9	0x2A72      	GOTO       L_display_time3
L_display_time4:
;Digital_Clock.c,37 :: 		SEG1=0;SEG2=1;
0x02BA	0x1005      	BCF        RA0_bit, BitPos(RA0_bit+0)
0x02BB	0x1485      	BSF        RA1_bit, BitPos(RA1_bit+0)
;Digital_Clock.c,38 :: 		for(k=0;k<7;k++)   //row data
0x02BC	0x01A7      	CLRF       _k
L_display_time7:
0x02BD	0x3007      	MOVLW      7
0x02BE	0x0227      	SUBWF      _k, 0
0x02BF	0x1803      	BTFSC      STATUS, 0
0x02C0	0x2AFC      	GOTO       L_display_time8
;Digital_Clock.c,40 :: 		dat=0x01;
0x02C1	0x3001      	MOVLW      1
0x02C2	0x00A8      	MOVWF      _dat
;Digital_Clock.c,41 :: 		dat=dat<<k;
0x02C3	0x0827      	MOVF       _k, 0
0x02C4	0x00F1      	MOVWF      R1
0x02C5	0x0828      	MOVF       _dat, 0
0x02C6	0x00F0      	MOVWF      R0
0x02C7	0x0871      	MOVF       R1, 0
L__display_time37:
0x02C8	0x1903      	BTFSC      STATUS, 2
0x02C9	0x2ACE      	GOTO       L__display_time38
0x02CA	0x0DF0      	RLF        R0, 1
0x02CB	0x1070      	BCF        R0, 0
0x02CC	0x3EFF      	ADDLW      255
0x02CD	0x2AC8      	GOTO       L__display_time37
L__display_time38:
0x02CE	0x0870      	MOVF       R0, 0
0x02CF	0x00A8      	MOVWF      _dat
;Digital_Clock.c,42 :: 		PortB=~dat;
0x02D0	0x0970      	COMF       R0, 0
0x02D1	0x0086      	MOVWF      PORTB
;Digital_Clock.c,43 :: 		PortD=~num_dat[sec&0x0F][k];delay_ms(1);
0x02D2	0x300F      	MOVLW      15
0x02D3	0x0525      	ANDWF      _sec, 0
0x02D4	0x00F0      	MOVWF      R0
0x02D5	0x3000      	MOVLW      0
0x02D6	0x00F1      	MOVWF      R0+1
0x02D7	0x3007      	MOVLW      7
0x02D8	0x00F4      	MOVWF      R4
0x02D9	0x3000      	MOVLW      0
0x02DA	0x00F5      	MOVWF      R4+1
0x02DB	0x2149      	CALL       _Mul_16X16_U
0x02DC	0x302C      	MOVLW      _num_dat
0x02DD	0x07F0      	ADDWF      R0, 1
0x02DE	0x3003      	MOVLW      hi_addr(_num_dat)
0x02DF	0x1803      	BTFSC      STATUS, 0
0x02E0	0x3E01      	ADDLW      1
0x02E1	0x07F1      	ADDWF      R0+1, 1
0x02E2	0x0827      	MOVF       _k, 0
0x02E3	0x07F0      	ADDWF      R0, 1
0x02E4	0x1803      	BTFSC      STATUS, 0
0x02E5	0x0AF1      	INCF       R0+1, 1
0x02E6	0x0870      	MOVF       R0, 0
0x02E7	0x00A0      	MOVWF      ___DoICPAddr
0x02E8	0x0871      	MOVF       R0+1, 0
0x02E9	0x00A1      	MOVWF      ___DoICPAddr+1
0x02EA	0x2174      	CALL       _____DoICP
0x02EB	0x118A      	BCF        PCLATH, 3
0x02EC	0x120A      	BCF        PCLATH, 4
0x02ED	0x00F0      	MOVWF      R0
0x02EE	0x0970      	COMF       R0, 0
0x02EF	0x0088      	MOVWF      PORTD
0x02F0	0x3003      	MOVLW      3
0x02F1	0x00FC      	MOVWF      R12
0x02F2	0x3097      	MOVLW      151
0x02F3	0x00FD      	MOVWF      R13
L_display_time10:
0x02F4	0x0BFD      	DECFSZ     R13, 1
0x02F5	0x2AF4      	GOTO       L_display_time10
0x02F6	0x0BFC      	DECFSZ     R12, 1
0x02F7	0x2AF4      	GOTO       L_display_time10
0x02F8	0x0000      	NOP
0x02F9	0x0000      	NOP
;Digital_Clock.c,38 :: 		for(k=0;k<7;k++)   //row data
0x02FA	0x0AA7      	INCF       _k, 1
;Digital_Clock.c,44 :: 		}
0x02FB	0x2ABD      	GOTO       L_display_time7
L_display_time8:
;Digital_Clock.c,26 :: 		for(j=0;j<10;j++)     //delay
0x02FC	0x0AA6      	INCF       _j, 1
;Digital_Clock.c,45 :: 		}
0x02FD	0x2A6B      	GOTO       L_display_time0
L_display_time1:
;Digital_Clock.c,48 :: 		}
L_end_display_time:
0x02FE	0x0008      	RETURN
; end of _display_time
_init_uc:
;Digital_Clock.c,80 :: 		void init_uc()
;Digital_Clock.c,82 :: 		ADCON1=0x06;
0x02FF	0x3006      	MOVLW      6
0x0300	0x1683      	BSF        STATUS, 5
0x0301	0x1303      	BCF        STATUS, 6
0x0302	0x009F      	MOVWF      ADCON1
;Digital_Clock.c,83 :: 		TRISB=0x00;
0x0303	0x0186      	CLRF       TRISB
;Digital_Clock.c,84 :: 		TRISD=0x00;
0x0304	0x0188      	CLRF       TRISD
;Digital_Clock.c,85 :: 		TRISA=0x00;
0x0305	0x0185      	CLRF       TRISA
;Digital_Clock.c,89 :: 		}
L_end_init_uc:
0x0306	0x0008      	RETURN
; end of _init_uc
_main:
;Digital_Clock.c,91 :: 		void main()
;Digital_Clock.c,93 :: 		init_uc();
0x0307	0x22FF      	CALL       _init_uc
;Digital_Clock.c,94 :: 		Check_time();
0x0308	0x2134      	CALL       _Check_time
;Digital_Clock.c,95 :: 		while(1)
L_main30:
;Digital_Clock.c,97 :: 		display_time();
0x0309	0x2268      	CALL       _display_time
;Digital_Clock.c,98 :: 		Check_time();
0x030A	0x2134      	CALL       _Check_time
;Digital_Clock.c,99 :: 		if(((p_sec>>4)&0x0f)!=((sec>>4)&0x0f))
0x030B	0x0823      	MOVF       _p_sec, 0
0x030C	0x00F0      	MOVWF      R0
0x030D	0x0CF0      	RRF        R0, 1
0x030E	0x13F0      	BCF        R0, 7
0x030F	0x0CF0      	RRF        R0, 1
0x0310	0x13F0      	BCF        R0, 7
0x0311	0x0CF0      	RRF        R0, 1
0x0312	0x13F0      	BCF        R0, 7
0x0313	0x0CF0      	RRF        R0, 1
0x0314	0x13F0      	BCF        R0, 7
0x0315	0x300F      	MOVLW      15
0x0316	0x0570      	ANDWF      R0, 0
0x0317	0x00F2      	MOVWF      R2
0x0318	0x0825      	MOVF       _sec, 0
0x0319	0x00F0      	MOVWF      R0
0x031A	0x0CF0      	RRF        R0, 1
0x031B	0x13F0      	BCF        R0, 7
0x031C	0x0CF0      	RRF        R0, 1
0x031D	0x13F0      	BCF        R0, 7
0x031E	0x0CF0      	RRF        R0, 1
0x031F	0x13F0      	BCF        R0, 7
0x0320	0x0CF0      	RRF        R0, 1
0x0321	0x13F0      	BCF        R0, 7
0x0322	0x300F      	MOVLW      15
0x0323	0x0570      	ANDWF      R0, 0
0x0324	0x00F1      	MOVWF      R1
0x0325	0x0872      	MOVF       R2, 0
0x0326	0x0671      	XORWF      R1, 0
0x0327	0x1903      	BTFSC      STATUS, 2
0x0328	0x2B2A      	GOTO       L_main32
;Digital_Clock.c,100 :: 		change_time();
0x0329	0x217B      	CALL       _change_time
L_main32:
;Digital_Clock.c,101 :: 		}
0x032A	0x2B09      	GOTO       L_main30
;Digital_Clock.c,102 :: 		}
L_end_main:
0x032B	0x2B2B      	GOTO       $+0
; end of _main
;Digital_Clock.c,14 :: _num_dat
0x032C	0x3470 ;_num_dat+0
0x032D	0x3488 ;_num_dat+1
0x032E	0x34C8 ;_num_dat+2
0x032F	0x34A8 ;_num_dat+3
0x0330	0x3498 ;_num_dat+4
0x0331	0x3488 ;_num_dat+5
0x0332	0x3470 ;_num_dat+6
0x0333	0x3420 ;_num_dat+7
0x0334	0x3430 ;_num_dat+8
0x0335	0x3420 ;_num_dat+9
0x0336	0x3420 ;_num_dat+10
0x0337	0x3420 ;_num_dat+11
0x0338	0x3420 ;_num_dat+12
0x0339	0x34F8 ;_num_dat+13
0x033A	0x3470 ;_num_dat+14
0x033B	0x3488 ;_num_dat+15
0x033C	0x3480 ;_num_dat+16
0x033D	0x3440 ;_num_dat+17
0x033E	0x3420 ;_num_dat+18
0x033F	0x3410 ;_num_dat+19
0x0340	0x34F8 ;_num_dat+20
0x0341	0x34F8 ;_num_dat+21
0x0342	0x3440 ;_num_dat+22
0x0343	0x3420 ;_num_dat+23
0x0344	0x3440 ;_num_dat+24
0x0345	0x3480 ;_num_dat+25
0x0346	0x3488 ;_num_dat+26
0x0347	0x3470 ;_num_dat+27
0x0348	0x3440 ;_num_dat+28
0x0349	0x3460 ;_num_dat+29
0x034A	0x3450 ;_num_dat+30
0x034B	0x3448 ;_num_dat+31
0x034C	0x34F8 ;_num_dat+32
0x034D	0x3440 ;_num_dat+33
0x034E	0x3440 ;_num_dat+34
0x034F	0x34F8 ;_num_dat+35
0x0350	0x3408 ;_num_dat+36
0x0351	0x3478 ;_num_dat+37
0x0352	0x3480 ;_num_dat+38
0x0353	0x3480 ;_num_dat+39
0x0354	0x3488 ;_num_dat+40
0x0355	0x3470 ;_num_dat+41
0x0356	0x3460 ;_num_dat+42
0x0357	0x3410 ;_num_dat+43
0x0358	0x3408 ;_num_dat+44
0x0359	0x3478 ;_num_dat+45
0x035A	0x3488 ;_num_dat+46
0x035B	0x3488 ;_num_dat+47
0x035C	0x3470 ;_num_dat+48
0x035D	0x34F8 ;_num_dat+49
0x035E	0x3480 ;_num_dat+50
0x035F	0x3440 ;_num_dat+51
0x0360	0x3420 ;_num_dat+52
0x0361	0x3410 ;_num_dat+53
0x0362	0x3410 ;_num_dat+54
0x0363	0x3410 ;_num_dat+55
0x0364	0x3470 ;_num_dat+56
0x0365	0x3488 ;_num_dat+57
0x0366	0x3488 ;_num_dat+58
0x0367	0x3470 ;_num_dat+59
0x0368	0x3488 ;_num_dat+60
0x0369	0x3488 ;_num_dat+61
0x036A	0x3470 ;_num_dat+62
0x036B	0x3470 ;_num_dat+63
0x036C	0x3488 ;_num_dat+64
0x036D	0x3488 ;_num_dat+65
0x036E	0x34F0 ;_num_dat+66
0x036F	0x3480 ;_num_dat+67
0x0370	0x3440 ;_num_dat+68
0x0371	0x3430 ;_num_dat+69
; end of _num_dat
;Digital_Clock.c,19 :: _c5_c0
0x0372	0x34F8 ;_c5_c0+0
0x0373	0x3408 ;_c5_c0+1
0x0374	0x3478 ;_c5_c0+2
0x0375	0x3480 ;_c5_c0+3
0x0376	0x3480 ;_c5_c0+4
0x0377	0x3488 ;_c5_c0+5
0x0378	0x3470 ;_c5_c0+6
0x0379	0x3470 ;_c5_c0+7
0x037A	0x3488 ;_c5_c0+8
0x037B	0x34C8 ;_c5_c0+9
0x037C	0x34A8 ;_c5_c0+10
0x037D	0x3498 ;_c5_c0+11
0x037E	0x3488 ;_c5_c0+12
0x037F	0x3470 ;_c5_c0+13
; end of _c5_c0
Symbol List:
//** Routines locations **
//ADDRESS    SIZE    PROCEDURE
//----------------------------------------------
0x0003       [3]    _Delay_1us
0x0006      [11]    __Lib_SoftI2C_PutZerosToLATSda
0x0011      [11]    __Lib_SoftI2C_PutZerosToLATScl
0x001C     [110]    _Soft_I2C_Write
0x008A      [81]    _Soft_I2C_Read
0x00DB      [27]    _Soft_I2C_Stop
0x00F6      [17]    _Soft_I2C_Start
0x0107      [45]    _read_I2C
0x0134      [21]    _Check_time
0x0149      [43]    _Mul_16X16_U
0x0174       [7]    _____DoICP
0x017B     [225]    _change_time
0x025C      [12]    ___CC2DW
0x0268     [151]    _display_time
0x02FF       [8]    _init_uc
0x0307      [37]    _main
//** Variables locations ** 
//ADDRESS    SIZE    VARIABLE
//----------------------------------------------
0x0000       [1]    INDF
0x0002       [1]    PCL
0x0003       [1]    STATUS
0x0004       [1]    FSR
0x0005       [0]    RA1_bit
0x0005       [0]    RA0_bit
0x0006       [1]    PORTB
0x0007       [0]    Soft_I2C_Sda
0x0007       [0]    Soft_I2C_Scl
0x0007       [0]    RC3_bit
0x0007       [0]    RC4_bit
0x0008       [1]    PORTD
0x000A       [1]    PCLATH
0x0020       [2]    ___DoICPAddr
0x0022       [1]    _m
0x0023       [1]    _p_sec
0x0024       [0]    __Lib_SoftI2C___StopWaiting
0x0025       [1]    _sec
0x0026       [1]    _j
0x0027       [1]    _k
0x0028       [1]    _dat
0x0029       [1]    FARG_read_I2C_sa_addr
0x002A       [2]    FARG_read_I2C_buf_addr
0x002C       [1]    read_I2C_buf_L0
0x002D       [1]    FARG_Soft_I2C_Write_data_
0x002D       [2]    FARG_Soft_I2C_Read_ack
0x002E       [2]    Soft_I2C_Write_temp_L0
0x002F       [2]    Soft_I2C_Read_result_L0
0x0030       [2]    Soft_I2C_Write_result_L0
0x0031       [2]    Soft_I2C_Read_temp_L0
0x0070       [1]    R0
0x0071       [1]    R1
0x0072       [1]    R2
0x0073       [1]    R3
0x0074       [1]    R4
0x0075       [1]    R5
0x0076       [1]    R6
0x0077       [1]    R7
0x0078       [1]    R8
0x0079       [1]    R9
0x007A       [1]    R10
0x007B       [1]    R11
0x007C       [1]    R12
0x007D       [1]    R13
0x007E       [1]    R14
0x007F       [1]    R15
0x0085       [1]    TRISA
0x0086       [1]    TRISB
0x0087       [0]    Soft_I2C_Sda_Direction
0x0087       [0]    TRISC4_bit
0x0087       [0]    Soft_I2C_Scl_Direction
0x0087       [0]    TRISC3_bit
0x0088       [1]    TRISD
0x009F       [1]    ADCON1
//** Constants locations ** 
//ADDRESS    SIZE    CONSTANT
//----------------------------------------------
0x032C      [70]    _num_dat
0x0372      [14]    _c5_c0
