;  LST file generated by mikroListExporter - v.2.0 
; Date/Time: 21-Feb-16 4:40:13 PM
;----------------------------------------------

;Address Opcode 	ASM
0x0000	0x284F      	GOTO       79
_Delay_22us:
;__Lib_Delays.c,15 :: 		void Delay_22us() {
;__Lib_Delays.c,16 :: 		Delay_us(22);
0x0003	0x3007      	MOVLW      7
0x0004	0x1283      	BCF        STATUS, 5
0x0005	0x00DD      	MOVWF      R13
L_Delay_22us1:
0x0006	0x0BDD      	DECFSZ     R13, 1
0x0007	0x2806      	GOTO       L_Delay_22us1
;__Lib_Delays.c,17 :: 		}
L_end_Delay_22us:
0x0008	0x0008      	RETURN
; end of _Delay_22us
_ADC_Read:
;__Lib_ADC_A_B.c,49 :: 		
;__Lib_ADC_A_B.c,51 :: 		
0x0009	0x30C3      	MOVLW      195
0x000A	0x1283      	BCF        STATUS, 5
0x000B	0x059F      	ANDWF      ADCON0, 1
;__Lib_ADC_A_B.c,55 :: 		
0x000C	0x3040      	MOVLW      64
0x000D	0x059F      	ANDWF      ADCON0, 1
;__Lib_ADC_A_B.c,56 :: 		
0x000E	0x30F0      	MOVLW      240
0x000F	0x1683      	BSF        STATUS, 5
0x0010	0x049F      	IORWF      ADCON1, 1
;__Lib_ADC_A_B.c,57 :: 		
0x0011	0x1283      	BCF        STATUS, 5
0x0012	0x179F      	BSF        ADCON0, 7
;__Lib_ADC_A_B.c,58 :: 		
0x0013	0x0826      	MOVF       FARG_ADC_Read_channel, 0
0x0014	0x00D0      	MOVWF      R0
0x0015	0x0DD0      	RLF        R0, 1
0x0016	0x1050      	BCF        R0, 0
0x0017	0x0DD0      	RLF        R0, 1
0x0018	0x1050      	BCF        R0, 0
0x0019	0x0850      	MOVF       R0, 0
0x001A	0x049F      	IORWF      ADCON0, 1
;__Lib_ADC_A_B.c,61 :: 		
0x001B	0x141F      	BSF        ADCON0, 0
;__Lib_ADC_A_B.c,64 :: 		
0x001C	0x2003      	CALL       _Delay_22us
;__Lib_ADC_A_B.c,67 :: 		
0x001D	0x149F      	BSF        ADCON0, 1
;__Lib_ADC_A_B.c,70 :: 		
L_ADC_Read2:
0x001E	0x1C9F      	BTFSS      ADCON0, 1
0x001F	0x2822      	GOTO       L_ADC_Read3
;__Lib_ADC_A_B.c,71 :: 		
0x0020	0x0000      	NOP
0x0021	0x281E      	GOTO       L_ADC_Read2
L_ADC_Read3:
;__Lib_ADC_A_B.c,74 :: 		
0x0022	0x101F      	BCF        ADCON0, 0
;__Lib_ADC_A_B.c,77 :: 		
0x0023	0x081E      	MOVF       ADRESH, 0
0x0024	0x00D1      	MOVWF      R0+1
0x0025	0x01D0      	CLRF       R0
0x0026	0x1683      	BSF        STATUS, 5
0x0027	0x081E      	MOVF       ADRESL, 0
0x0028	0x04D0      	IORWF      R0, 1
0x0029	0x3000      	MOVLW      0
0x002A	0x04D1      	IORWF      R0+1, 1
;__Lib_ADC_A_B.c,78 :: 		
L_end_ADC_Read:
0x002B	0x0008      	RETURN
; end of _ADC_Read
_Stop:
;flame_detector.c,19 :: 		void Stop()
;flame_detector.c,21 :: 		LM1=0;LM2=0;
0x002C	0x1283      	BCF        STATUS, 5
0x002D	0x1007      	BCF        RC0_bit, BitPos(RC0_bit+0)
0x002E	0x1087      	BCF        RC1_bit, BitPos(RC1_bit+0)
;flame_detector.c,22 :: 		RM1=0;RM2=0;
0x002F	0x1107      	BCF        RC2_bit, BitPos(RC2_bit+0)
0x0030	0x1187      	BCF        RC3_bit, BitPos(RC3_bit+0)
;flame_detector.c,23 :: 		}
L_end_Stop:
0x0031	0x0008      	RETURN
; end of _Stop
_Forward:
;flame_detector.c,31 :: 		void Forward()
;flame_detector.c,33 :: 		LED=0;
0x0032	0x1283      	BCF        STATUS, 5
0x0033	0x1205      	BCF        RA4_bit, BitPos(RA4_bit+0)
;flame_detector.c,34 :: 		BUZZER=1;
0x0034	0x1687      	BSF        RC5_bit, BitPos(RC5_bit+0)
;flame_detector.c,35 :: 		LM1=1;LM2=0;
0x0035	0x1407      	BSF        RC0_bit, BitPos(RC0_bit+0)
0x0036	0x1087      	BCF        RC1_bit, BitPos(RC1_bit+0)
;flame_detector.c,36 :: 		RM1=1;RM2=0;
0x0037	0x1507      	BSF        RC2_bit, BitPos(RC2_bit+0)
0x0038	0x1187      	BCF        RC3_bit, BitPos(RC3_bit+0)
;flame_detector.c,37 :: 		delay_ms(200);
0x0039	0x3002      	MOVLW      2
0x003A	0x00DB      	MOVWF      R11
0x003B	0x3004      	MOVLW      4
0x003C	0x00DC      	MOVWF      R12
0x003D	0x30BA      	MOVLW      186
0x003E	0x00DD      	MOVWF      R13
L_Forward0:
0x003F	0x0BDD      	DECFSZ     R13, 1
0x0040	0x283F      	GOTO       L_Forward0
0x0041	0x0BDC      	DECFSZ     R12, 1
0x0042	0x283F      	GOTO       L_Forward0
0x0043	0x0BDB      	DECFSZ     R11, 1
0x0044	0x283F      	GOTO       L_Forward0
0x0045	0x0000      	NOP
;flame_detector.c,38 :: 		BUZZER=0;
0x0046	0x1287      	BCF        RC5_bit, BitPos(RC5_bit+0)
;flame_detector.c,39 :: 		LED=1;
0x0047	0x1605      	BSF        RA4_bit, BitPos(RA4_bit+0)
;flame_detector.c,41 :: 		}
L_end_Forward:
0x0048	0x0008      	RETURN
; end of _Forward
_Rotate:
;flame_detector.c,24 :: 		void Rotate()
;flame_detector.c,27 :: 		LM1=0;LM2=1;
0x0049	0x1283      	BCF        STATUS, 5
0x004A	0x1007      	BCF        RC0_bit, BitPos(RC0_bit+0)
0x004B	0x1487      	BSF        RC1_bit, BitPos(RC1_bit+0)
;flame_detector.c,28 :: 		RM1=1;RM2=0;
0x004C	0x1507      	BSF        RC2_bit, BitPos(RC2_bit+0)
0x004D	0x1187      	BCF        RC3_bit, BitPos(RC3_bit+0)
;flame_detector.c,29 :: 		}
L_end_Rotate:
0x004E	0x0008      	RETURN
; end of _Rotate
_main:
;flame_detector.c,42 :: 		void main()
;flame_detector.c,46 :: 		TRISA  = 0x01;              // RA0 is ANI and RA4 is LED out
0x004F	0x3001      	MOVLW      1
0x0050	0x1683      	BSF        STATUS, 5
0x0051	0x0085      	MOVWF      TRISA
;flame_detector.c,47 :: 		TRISC=0x00;                 //PORTC is output
0x0052	0x0187      	CLRF       TRISC
;flame_detector.c,48 :: 		ANSEL  = 0x01;              // Configure AN0 pin as analog
0x0053	0x3001      	MOVLW      1
0x0054	0x0091      	MOVWF      ANSEL
;flame_detector.c,49 :: 		CMCON=0;
0x0055	0x1283      	BCF        STATUS, 5
0x0056	0x0199      	CLRF       CMCON
;flame_detector.c,50 :: 		BUZZER=0;
0x0057	0x1287      	BCF        RC5_bit, BitPos(RC5_bit+0)
;flame_detector.c,51 :: 		while(1)
L_main1:
;flame_detector.c,54 :: 		adc_value = ADC_Read(0);   // Get 10-bit results of AD conversion
0x0058	0x01A6      	CLRF       FARG_ADC_Read_channel
0x0059	0x2009      	CALL       _ADC_Read
0x005A	0x0850      	MOVF       R0, 0
0x005B	0x00A0      	MOVWF      _adc_value
0x005C	0x0851      	MOVF       R0+1, 0
0x005D	0x00A1      	MOVWF      _adc_value+1
;flame_detector.c,56 :: 		if(adc_value>CLOSE && adc_value<FAR)
0x005E	0x0851      	MOVF       R0+1, 0
0x005F	0x3C00      	SUBLW      0
0x0060	0x1D03      	BTFSS      STATUS, 2
0x0061	0x2864      	GOTO       L__main26
0x0062	0x0850      	MOVF       R0, 0
0x0063	0x3CC8      	SUBLW      200
L__main26:
0x0064	0x1803      	BTFSC      STATUS, 0
0x0065	0x287B      	GOTO       L_main5
0x0066	0x3003      	MOVLW      3
0x0067	0x0221      	SUBWF      _adc_value+1, 0
0x0068	0x1D03      	BTFSS      STATUS, 2
0x0069	0x286C      	GOTO       L__main27
0x006A	0x30B6      	MOVLW      182
0x006B	0x0220      	SUBWF      _adc_value, 0
L__main27:
0x006C	0x1803      	BTFSC      STATUS, 0
0x006D	0x287B      	GOTO       L_main5
L__main21:
;flame_detector.c,58 :: 		RELAY=0; Forward();  Rotate();delay_ms(5);
0x006E	0x1283      	BCF        STATUS, 5
0x006F	0x1207      	BCF        RC4_bit, BitPos(RC4_bit+0)
0x0070	0x2032      	CALL       _Forward
0x0071	0x2049      	CALL       _Rotate
0x0072	0x3007      	MOVLW      7
0x0073	0x00DC      	MOVWF      R12
0x0074	0x307D      	MOVLW      125
0x0075	0x00DD      	MOVWF      R13
L_main6:
0x0076	0x0BDD      	DECFSZ     R13, 1
0x0077	0x2876      	GOTO       L_main6
0x0078	0x0BDC      	DECFSZ     R12, 1
0x0079	0x2876      	GOTO       L_main6
;flame_detector.c,59 :: 		}
0x007A	0x28F2      	GOTO       L_main7
L_main5:
;flame_detector.c,61 :: 		else if(adc_value<CLOSE)
0x007B	0x3000      	MOVLW      0
0x007C	0x0221      	SUBWF      _adc_value+1, 0
0x007D	0x1D03      	BTFSS      STATUS, 2
0x007E	0x2881      	GOTO       L__main28
0x007F	0x30C8      	MOVLW      200
0x0080	0x0220      	SUBWF      _adc_value, 0
L__main28:
0x0081	0x1803      	BTFSC      STATUS, 0
0x0082	0x28EF      	GOTO       L_main8
;flame_detector.c,63 :: 		Stop(); RELAY=1; delay_ms(5000);
0x0083	0x202C      	CALL       _Stop
0x0084	0x1607      	BSF        RC4_bit, BitPos(RC4_bit+0)
0x0085	0x301A      	MOVLW      26
0x0086	0x00DB      	MOVWF      R11
0x0087	0x305E      	MOVLW      94
0x0088	0x00DC      	MOVWF      R12
0x0089	0x306E      	MOVLW      110
0x008A	0x00DD      	MOVWF      R13
L_main9:
0x008B	0x0BDD      	DECFSZ     R13, 1
0x008C	0x288B      	GOTO       L_main9
0x008D	0x0BDC      	DECFSZ     R12, 1
0x008E	0x288B      	GOTO       L_main9
0x008F	0x0BDB      	DECFSZ     R11, 1
0x0090	0x288B      	GOTO       L_main9
0x0091	0x0000      	NOP
;flame_detector.c,64 :: 		for(i=0;i<20;i++){BUZZER=1; LED=1; delay_ms(1000); BUZZER=0; LED=0; delay_ms(500);}
0x0092	0x01A4      	CLRF       main_i_L0
0x0093	0x01A5      	CLRF       main_i_L0+1
L_main10:
0x0094	0x3000      	MOVLW      0
0x0095	0x0225      	SUBWF      main_i_L0+1, 0
0x0096	0x1D03      	BTFSS      STATUS, 2
0x0097	0x289A      	GOTO       L__main29
0x0098	0x3014      	MOVLW      20
0x0099	0x0224      	SUBWF      main_i_L0, 0
L__main29:
0x009A	0x1803      	BTFSC      STATUS, 0
0x009B	0x28C1      	GOTO       L_main11
0x009C	0x1283      	BCF        STATUS, 5
0x009D	0x1687      	BSF        RC5_bit, BitPos(RC5_bit+0)
0x009E	0x1605      	BSF        RA4_bit, BitPos(RA4_bit+0)
0x009F	0x3006      	MOVLW      6
0x00A0	0x00DB      	MOVWF      R11
0x00A1	0x3013      	MOVLW      19
0x00A2	0x00DC      	MOVWF      R12
0x00A3	0x30AD      	MOVLW      173
0x00A4	0x00DD      	MOVWF      R13
L_main13:
0x00A5	0x0BDD      	DECFSZ     R13, 1
0x00A6	0x28A5      	GOTO       L_main13
0x00A7	0x0BDC      	DECFSZ     R12, 1
0x00A8	0x28A5      	GOTO       L_main13
0x00A9	0x0BDB      	DECFSZ     R11, 1
0x00AA	0x28A5      	GOTO       L_main13
0x00AB	0x0000      	NOP
0x00AC	0x0000      	NOP
0x00AD	0x1287      	BCF        RC5_bit, BitPos(RC5_bit+0)
0x00AE	0x1205      	BCF        RA4_bit, BitPos(RA4_bit+0)
0x00AF	0x3003      	MOVLW      3
0x00B0	0x00DB      	MOVWF      R11
0x00B1	0x308A      	MOVLW      138
0x00B2	0x00DC      	MOVWF      R12
0x00B3	0x3055      	MOVLW      85
0x00B4	0x00DD      	MOVWF      R13
L_main14:
0x00B5	0x0BDD      	DECFSZ     R13, 1
0x00B6	0x28B5      	GOTO       L_main14
0x00B7	0x0BDC      	DECFSZ     R12, 1
0x00B8	0x28B5      	GOTO       L_main14
0x00B9	0x0BDB      	DECFSZ     R11, 1
0x00BA	0x28B5      	GOTO       L_main14
0x00BB	0x0000      	NOP
0x00BC	0x0000      	NOP
0x00BD	0x0AA4      	INCF       main_i_L0, 1
0x00BE	0x1903      	BTFSC      STATUS, 2
0x00BF	0x0AA5      	INCF       main_i_L0+1, 1
0x00C0	0x2894      	GOTO       L_main10
L_main11:
;flame_detector.c,65 :: 		for(i=0;i<1024;i++){LED=1; delay_ms(1000); LED=0; delay_ms(500);}
0x00C1	0x01A4      	CLRF       main_i_L0
0x00C2	0x01A5      	CLRF       main_i_L0+1
L_main15:
0x00C3	0x3004      	MOVLW      4
0x00C4	0x0225      	SUBWF      main_i_L0+1, 0
0x00C5	0x1D03      	BTFSS      STATUS, 2
0x00C6	0x28C9      	GOTO       L__main30
0x00C7	0x3000      	MOVLW      0
0x00C8	0x0224      	SUBWF      main_i_L0, 0
L__main30:
0x00C9	0x1803      	BTFSC      STATUS, 0
0x00CA	0x28EE      	GOTO       L_main16
0x00CB	0x1283      	BCF        STATUS, 5
0x00CC	0x1605      	BSF        RA4_bit, BitPos(RA4_bit+0)
0x00CD	0x3006      	MOVLW      6
0x00CE	0x00DB      	MOVWF      R11
0x00CF	0x3013      	MOVLW      19
0x00D0	0x00DC      	MOVWF      R12
0x00D1	0x30AD      	MOVLW      173
0x00D2	0x00DD      	MOVWF      R13
L_main18:
0x00D3	0x0BDD      	DECFSZ     R13, 1
0x00D4	0x28D3      	GOTO       L_main18
0x00D5	0x0BDC      	DECFSZ     R12, 1
0x00D6	0x28D3      	GOTO       L_main18
0x00D7	0x0BDB      	DECFSZ     R11, 1
0x00D8	0x28D3      	GOTO       L_main18
0x00D9	0x0000      	NOP
0x00DA	0x0000      	NOP
0x00DB	0x1205      	BCF        RA4_bit, BitPos(RA4_bit+0)
0x00DC	0x3003      	MOVLW      3
0x00DD	0x00DB      	MOVWF      R11
0x00DE	0x308A      	MOVLW      138
0x00DF	0x00DC      	MOVWF      R12
0x00E0	0x3055      	MOVLW      85
0x00E1	0x00DD      	MOVWF      R13
L_main19:
0x00E2	0x0BDD      	DECFSZ     R13, 1
0x00E3	0x28E2      	GOTO       L_main19
0x00E4	0x0BDC      	DECFSZ     R12, 1
0x00E5	0x28E2      	GOTO       L_main19
0x00E6	0x0BDB      	DECFSZ     R11, 1
0x00E7	0x28E2      	GOTO       L_main19
0x00E8	0x0000      	NOP
0x00E9	0x0000      	NOP
0x00EA	0x0AA4      	INCF       main_i_L0, 1
0x00EB	0x1903      	BTFSC      STATUS, 2
0x00EC	0x0AA5      	INCF       main_i_L0+1, 1
0x00ED	0x28C3      	GOTO       L_main15
L_main16:
;flame_detector.c,66 :: 		}
0x00EE	0x28F2      	GOTO       L_main20
L_main8:
0x00EF	0x1283      	BCF        STATUS, 5
;flame_detector.c,70 :: 		RELAY=0;
0x00F0	0x1207      	BCF        RC4_bit, BitPos(RC4_bit+0)
;flame_detector.c,71 :: 		Rotate();
0x00F1	0x2049      	CALL       _Rotate
;flame_detector.c,72 :: 		}
L_main20:
L_main7:
;flame_detector.c,73 :: 		}
0x00F2	0x2858      	GOTO       L_main1
;flame_detector.c,74 :: 		}
L_end_main:
0x00F3	0x28F3      	GOTO       $+0
; end of _main
Symbol List:
//** Routines locations **
//ADDRESS    SIZE    PROCEDURE
//----------------------------------------------
0x0003       [6]    _Delay_22us
0x0009      [35]    _ADC_Read
0x002C       [6]    _Stop
0x0032      [23]    _Forward
0x0049       [6]    _Rotate
0x004F     [165]    _main
//** Variables locations ** 
//ADDRESS    SIZE    VARIABLE
//----------------------------------------------
0x0000       [1]    INDF
0x0003       [1]    STATUS
0x0004       [1]    FSR
0x0005       [0]    RA4_bit
0x0007       [0]    RC3_bit
0x0007       [0]    RC4_bit
0x0007       [0]    RC1_bit
0x0007       [0]    RC2_bit
0x0007       [0]    RC0_bit
0x0007       [0]    RC5_bit
0x000A       [1]    PCLATH
0x0019       [1]    CMCON
0x001E       [1]    ADRESH
0x001F       [1]    ADCON0
0x0020       [2]    _adc_value
0x0022       [2]    ___DoICPAddr
0x0024       [2]    main_i_L0
0x0026       [1]    FARG_ADC_Read_channel
0x0050       [1]    R0
0x0051       [1]    R1
0x0052       [1]    R2
0x0053       [1]    R3
0x0054       [1]    R4
0x0055       [1]    R5
0x0056       [1]    R6
0x0057       [1]    R7
0x0058       [1]    R8
0x0059       [1]    R9
0x005A       [1]    R10
0x005B       [1]    R11
0x005C       [1]    R12
0x005D       [1]    R13
0x005E       [1]    R14
0x005F       [1]    R15
0x0085       [1]    TRISA
0x0087       [1]    TRISC
0x0091       [1]    ANSEL
0x009E       [1]    ADRESL
0x009F       [1]    ADCON1
