;  LST file generated by mikroListExporter - v.2.0 
; Date/Time: 26-Mar-16 1:20:46 AM
;----------------------------------------------

;Address Opcode 	ASM
0x0000	0x2991      	GOTO       401
_colscan:
;keypad.c,32 :: 		char colscan(void)
;keypad.c,34 :: 		return(C0|C1|C2|C3);
0x0003	0x1283      	BCF        STATUS, 5
0x0004	0x1303      	BCF        STATUS, 6
0x0005	0x01F1      	CLRF       R1
0x0006	0x1A07      	BTFSC      RC4_bit, BitPos(RC4_bit+0)
0x0007	0x0AF1      	INCF       R1, 1
0x0008	0x01F0      	CLRF       R0
0x0009	0x1A87      	BTFSC      RC5_bit, BitPos(RC5_bit+0)
0x000A	0x0AF0      	INCF       R0, 1
0x000B	0x0870      	MOVF       R0, 0
0x000C	0x04F1      	IORWF      R1, 1
0x000D	0x01F0      	CLRF       R0
0x000E	0x1B07      	BTFSC      RC6_bit, BitPos(RC6_bit+0)
0x000F	0x0AF0      	INCF       R0, 1
0x0010	0x0870      	MOVF       R0, 0
0x0011	0x04F1      	IORWF      R1, 1
0x0012	0x01F0      	CLRF       R0
0x0013	0x1B87      	BTFSC      RC7_bit, BitPos(RC7_bit+0)
0x0014	0x0AF0      	INCF       R0, 1
0x0015	0x0871      	MOVF       R1, 0
0x0016	0x04F0      	IORWF      R0, 1
;keypad.c,35 :: 		}
L_end_colscan:
0x0017	0x0008      	RETURN
; end of _colscan
_init_rows:
;keypad.c,37 :: 		void init_rows(void)
;keypad.c,39 :: 		R0=R1=R2=R3=1;
0x0018	0x1283      	BCF        STATUS, 5
0x0019	0x1303      	BCF        STATUS, 6
0x001A	0x1587      	BSF        RC3_bit, BitPos(RC3_bit+0)
0x001B	0x1987      	BTFSC      RC3_bit, BitPos(RC3_bit+0)
0x001C	0x281F      	GOTO       L__init_rows39
0x001D	0x1107      	BCF        RC2_bit, BitPos(RC2_bit+0)
0x001E	0x2820      	GOTO       L__init_rows40
L__init_rows39:
0x001F	0x1507      	BSF        RC2_bit, BitPos(RC2_bit+0)
L__init_rows40:
0x0020	0x1907      	BTFSC      RC2_bit, BitPos(RC2_bit+0)
0x0021	0x2824      	GOTO       L__init_rows41
0x0022	0x1087      	BCF        RC1_bit, BitPos(RC1_bit+0)
0x0023	0x2825      	GOTO       L__init_rows42
L__init_rows41:
0x0024	0x1487      	BSF        RC1_bit, BitPos(RC1_bit+0)
L__init_rows42:
0x0025	0x1887      	BTFSC      RC1_bit, BitPos(RC1_bit+0)
0x0026	0x2829      	GOTO       L__init_rows43
0x0027	0x1007      	BCF        RC0_bit, BitPos(RC0_bit+0)
0x0028	0x282A      	GOTO       L__init_rows44
L__init_rows43:
0x0029	0x1407      	BSF        RC0_bit, BitPos(RC0_bit+0)
L__init_rows44:
;keypad.c,40 :: 		}
L_end_init_rows:
0x002A	0x0008      	RETURN
; end of _init_rows
_init_cols:
;keypad.c,42 :: 		void init_cols(void)
;keypad.c,44 :: 		C0=C1=C2=C3=0;
0x002B	0x1283      	BCF        STATUS, 5
0x002C	0x1303      	BCF        STATUS, 6
0x002D	0x1387      	BCF        RC7_bit, BitPos(RC7_bit+0)
0x002E	0x1B87      	BTFSC      RC7_bit, BitPos(RC7_bit+0)
0x002F	0x2832      	GOTO       L__init_cols46
0x0030	0x1307      	BCF        RC6_bit, BitPos(RC6_bit+0)
0x0031	0x2833      	GOTO       L__init_cols47
L__init_cols46:
0x0032	0x1707      	BSF        RC6_bit, BitPos(RC6_bit+0)
L__init_cols47:
0x0033	0x1B07      	BTFSC      RC6_bit, BitPos(RC6_bit+0)
0x0034	0x2837      	GOTO       L__init_cols48
0x0035	0x1287      	BCF        RC5_bit, BitPos(RC5_bit+0)
0x0036	0x2838      	GOTO       L__init_cols49
L__init_cols48:
0x0037	0x1687      	BSF        RC5_bit, BitPos(RC5_bit+0)
L__init_cols49:
0x0038	0x1A87      	BTFSC      RC5_bit, BitPos(RC5_bit+0)
0x0039	0x283C      	GOTO       L__init_cols50
0x003A	0x1207      	BCF        RC4_bit, BitPos(RC4_bit+0)
0x003B	0x283D      	GOTO       L__init_cols51
L__init_cols50:
0x003C	0x1607      	BSF        RC4_bit, BitPos(RC4_bit+0)
L__init_cols51:
;keypad.c,45 :: 		}
L_end_init_cols:
0x003D	0x0008      	RETURN
; end of _init_cols
_keyscan:
;keypad.c,47 :: 		void keyscan()
;keypad.c,49 :: 		init_cols();
0x003E	0x202B      	CALL       _init_cols
;keypad.c,50 :: 		init_rows();
0x003F	0x2018      	CALL       _init_rows
;keypad.c,51 :: 		PortB=0x00;PortA=0x00;
0x0040	0x0186      	CLRF       PORTB
0x0041	0x0185      	CLRF       PORTA
;keypad.c,52 :: 		if(colscan())
0x0042	0x2003      	CALL       _colscan
0x0043	0x0870      	MOVF       R0, 0
0x0044	0x1903      	BTFSC      STATUS, 2
0x0045	0x2986      	GOTO       L_keyscan0
;keypad.c,55 :: 		R0=1;R1=R2=R3=0;
0x0046	0x1407      	BSF        RC0_bit, BitPos(RC0_bit+0)
0x0047	0x1187      	BCF        RC3_bit, BitPos(RC3_bit+0)
0x0048	0x1987      	BTFSC      RC3_bit, BitPos(RC3_bit+0)
0x0049	0x284C      	GOTO       L__keyscan53
0x004A	0x1107      	BCF        RC2_bit, BitPos(RC2_bit+0)
0x004B	0x284D      	GOTO       L__keyscan54
L__keyscan53:
0x004C	0x1507      	BSF        RC2_bit, BitPos(RC2_bit+0)
L__keyscan54:
0x004D	0x1907      	BTFSC      RC2_bit, BitPos(RC2_bit+0)
0x004E	0x2851      	GOTO       L__keyscan55
0x004F	0x1087      	BCF        RC1_bit, BitPos(RC1_bit+0)
0x0050	0x2852      	GOTO       L__keyscan56
L__keyscan55:
0x0051	0x1487      	BSF        RC1_bit, BitPos(RC1_bit+0)
L__keyscan56:
;keypad.c,56 :: 		if(colscan())
0x0052	0x2003      	CALL       _colscan
0x0053	0x0870      	MOVF       R0, 0
0x0054	0x1903      	BTFSC      STATUS, 2
0x0055	0x2896      	GOTO       L_keyscan1
;keypad.c,58 :: 		if(C0==1) { Relay1=1;}  delay_ms(100);
0x0056	0x1E07      	BTFSS      RC4_bit, BitPos(RC4_bit+0)
0x0057	0x2859      	GOTO       L_keyscan2
0x0058	0x1405      	BSF        RA0_bit, BitPos(RA0_bit+0)
L_keyscan2:
0x0059	0x3002      	MOVLW      2
0x005A	0x00FB      	MOVWF      R11
0x005B	0x3004      	MOVLW      4
0x005C	0x00FC      	MOVWF      R12
0x005D	0x30BA      	MOVLW      186
0x005E	0x00FD      	MOVWF      R13
L_keyscan3:
0x005F	0x0BFD      	DECFSZ     R13, 1
0x0060	0x285F      	GOTO       L_keyscan3
0x0061	0x0BFC      	DECFSZ     R12, 1
0x0062	0x285F      	GOTO       L_keyscan3
0x0063	0x0BFB      	DECFSZ     R11, 1
0x0064	0x285F      	GOTO       L_keyscan3
0x0065	0x0000      	NOP
;keypad.c,59 :: 		if(C1==1) { Relay2=1;}  delay_ms(100);
0x0066	0x1E87      	BTFSS      RC5_bit, BitPos(RC5_bit+0)
0x0067	0x2869      	GOTO       L_keyscan4
0x0068	0x1485      	BSF        RA1_bit, BitPos(RA1_bit+0)
L_keyscan4:
0x0069	0x3002      	MOVLW      2
0x006A	0x00FB      	MOVWF      R11
0x006B	0x3004      	MOVLW      4
0x006C	0x00FC      	MOVWF      R12
0x006D	0x30BA      	MOVLW      186
0x006E	0x00FD      	MOVWF      R13
L_keyscan5:
0x006F	0x0BFD      	DECFSZ     R13, 1
0x0070	0x286F      	GOTO       L_keyscan5
0x0071	0x0BFC      	DECFSZ     R12, 1
0x0072	0x286F      	GOTO       L_keyscan5
0x0073	0x0BFB      	DECFSZ     R11, 1
0x0074	0x286F      	GOTO       L_keyscan5
0x0075	0x0000      	NOP
;keypad.c,60 :: 		if(C2==1) { Relay3=1;}  delay_ms(100);
0x0076	0x1F07      	BTFSS      RC6_bit, BitPos(RC6_bit+0)
0x0077	0x2879      	GOTO       L_keyscan6
0x0078	0x1505      	BSF        RA2_bit, BitPos(RA2_bit+0)
L_keyscan6:
0x0079	0x3002      	MOVLW      2
0x007A	0x00FB      	MOVWF      R11
0x007B	0x3004      	MOVLW      4
0x007C	0x00FC      	MOVWF      R12
0x007D	0x30BA      	MOVLW      186
0x007E	0x00FD      	MOVWF      R13
L_keyscan7:
0x007F	0x0BFD      	DECFSZ     R13, 1
0x0080	0x287F      	GOTO       L_keyscan7
0x0081	0x0BFC      	DECFSZ     R12, 1
0x0082	0x287F      	GOTO       L_keyscan7
0x0083	0x0BFB      	DECFSZ     R11, 1
0x0084	0x287F      	GOTO       L_keyscan7
0x0085	0x0000      	NOP
;keypad.c,61 :: 		if(C3==1) { Relay4=1;}  delay_ms(100);
0x0086	0x1F87      	BTFSS      RC7_bit, BitPos(RC7_bit+0)
0x0087	0x2889      	GOTO       L_keyscan8
0x0088	0x1585      	BSF        RA3_bit, BitPos(RA3_bit+0)
L_keyscan8:
0x0089	0x3002      	MOVLW      2
0x008A	0x00FB      	MOVWF      R11
0x008B	0x3004      	MOVLW      4
0x008C	0x00FC      	MOVWF      R12
0x008D	0x30BA      	MOVLW      186
0x008E	0x00FD      	MOVWF      R13
L_keyscan9:
0x008F	0x0BFD      	DECFSZ     R13, 1
0x0090	0x288F      	GOTO       L_keyscan9
0x0091	0x0BFC      	DECFSZ     R12, 1
0x0092	0x288F      	GOTO       L_keyscan9
0x0093	0x0BFB      	DECFSZ     R11, 1
0x0094	0x288F      	GOTO       L_keyscan9
0x0095	0x0000      	NOP
;keypad.c,62 :: 		}
L_keyscan1:
;keypad.c,64 :: 		R1=1;R0=R2=R3=0;
0x0096	0x1487      	BSF        RC1_bit, BitPos(RC1_bit+0)
0x0097	0x1187      	BCF        RC3_bit, BitPos(RC3_bit+0)
0x0098	0x1987      	BTFSC      RC3_bit, BitPos(RC3_bit+0)
0x0099	0x289C      	GOTO       L__keyscan57
0x009A	0x1107      	BCF        RC2_bit, BitPos(RC2_bit+0)
0x009B	0x289D      	GOTO       L__keyscan58
L__keyscan57:
0x009C	0x1507      	BSF        RC2_bit, BitPos(RC2_bit+0)
L__keyscan58:
0x009D	0x1907      	BTFSC      RC2_bit, BitPos(RC2_bit+0)
0x009E	0x28A1      	GOTO       L__keyscan59
0x009F	0x1007      	BCF        RC0_bit, BitPos(RC0_bit+0)
0x00A0	0x28A2      	GOTO       L__keyscan60
L__keyscan59:
0x00A1	0x1407      	BSF        RC0_bit, BitPos(RC0_bit+0)
L__keyscan60:
;keypad.c,65 :: 		if(colscan())
0x00A2	0x2003      	CALL       _colscan
0x00A3	0x0870      	MOVF       R0, 0
0x00A4	0x1903      	BTFSC      STATUS, 2
0x00A5	0x28E6      	GOTO       L_keyscan10
;keypad.c,67 :: 		if(C0==1) {Relay5=1;}   delay_ms(100);
0x00A6	0x1E07      	BTFSS      RC4_bit, BitPos(RC4_bit+0)
0x00A7	0x28A9      	GOTO       L_keyscan11
0x00A8	0x1605      	BSF        RA4_bit, BitPos(RA4_bit+0)
L_keyscan11:
0x00A9	0x3002      	MOVLW      2
0x00AA	0x00FB      	MOVWF      R11
0x00AB	0x3004      	MOVLW      4
0x00AC	0x00FC      	MOVWF      R12
0x00AD	0x30BA      	MOVLW      186
0x00AE	0x00FD      	MOVWF      R13
L_keyscan12:
0x00AF	0x0BFD      	DECFSZ     R13, 1
0x00B0	0x28AF      	GOTO       L_keyscan12
0x00B1	0x0BFC      	DECFSZ     R12, 1
0x00B2	0x28AF      	GOTO       L_keyscan12
0x00B3	0x0BFB      	DECFSZ     R11, 1
0x00B4	0x28AF      	GOTO       L_keyscan12
0x00B5	0x0000      	NOP
;keypad.c,68 :: 		if(C1==1) {Relay6=1;}   delay_ms(100);
0x00B6	0x1E87      	BTFSS      RC5_bit, BitPos(RC5_bit+0)
0x00B7	0x28B9      	GOTO       L_keyscan13
0x00B8	0x1685      	BSF        RA5_bit, BitPos(RA5_bit+0)
L_keyscan13:
0x00B9	0x3002      	MOVLW      2
0x00BA	0x00FB      	MOVWF      R11
0x00BB	0x3004      	MOVLW      4
0x00BC	0x00FC      	MOVWF      R12
0x00BD	0x30BA      	MOVLW      186
0x00BE	0x00FD      	MOVWF      R13
L_keyscan14:
0x00BF	0x0BFD      	DECFSZ     R13, 1
0x00C0	0x28BF      	GOTO       L_keyscan14
0x00C1	0x0BFC      	DECFSZ     R12, 1
0x00C2	0x28BF      	GOTO       L_keyscan14
0x00C3	0x0BFB      	DECFSZ     R11, 1
0x00C4	0x28BF      	GOTO       L_keyscan14
0x00C5	0x0000      	NOP
;keypad.c,69 :: 		if(C2==1) {Relay7=1;}   delay_ms(100);
0x00C6	0x1F07      	BTFSS      RC6_bit, BitPos(RC6_bit+0)
0x00C7	0x28C9      	GOTO       L_keyscan15
0x00C8	0x1705      	BSF        RA6_bit, BitPos(RA6_bit+0)
L_keyscan15:
0x00C9	0x3002      	MOVLW      2
0x00CA	0x00FB      	MOVWF      R11
0x00CB	0x3004      	MOVLW      4
0x00CC	0x00FC      	MOVWF      R12
0x00CD	0x30BA      	MOVLW      186
0x00CE	0x00FD      	MOVWF      R13
L_keyscan16:
0x00CF	0x0BFD      	DECFSZ     R13, 1
0x00D0	0x28CF      	GOTO       L_keyscan16
0x00D1	0x0BFC      	DECFSZ     R12, 1
0x00D2	0x28CF      	GOTO       L_keyscan16
0x00D3	0x0BFB      	DECFSZ     R11, 1
0x00D4	0x28CF      	GOTO       L_keyscan16
0x00D5	0x0000      	NOP
;keypad.c,70 :: 		if(C3==1) {Relay8=1;}   delay_ms(100);
0x00D6	0x1F87      	BTFSS      RC7_bit, BitPos(RC7_bit+0)
0x00D7	0x28D9      	GOTO       L_keyscan17
0x00D8	0x1785      	BSF        RA7_bit, BitPos(RA7_bit+0)
L_keyscan17:
0x00D9	0x3002      	MOVLW      2
0x00DA	0x00FB      	MOVWF      R11
0x00DB	0x3004      	MOVLW      4
0x00DC	0x00FC      	MOVWF      R12
0x00DD	0x30BA      	MOVLW      186
0x00DE	0x00FD      	MOVWF      R13
L_keyscan18:
0x00DF	0x0BFD      	DECFSZ     R13, 1
0x00E0	0x28DF      	GOTO       L_keyscan18
0x00E1	0x0BFC      	DECFSZ     R12, 1
0x00E2	0x28DF      	GOTO       L_keyscan18
0x00E3	0x0BFB      	DECFSZ     R11, 1
0x00E4	0x28DF      	GOTO       L_keyscan18
0x00E5	0x0000      	NOP
;keypad.c,71 :: 		}
L_keyscan10:
;keypad.c,72 :: 		R2=1;R0=R1=R3=0;
0x00E6	0x1507      	BSF        RC2_bit, BitPos(RC2_bit+0)
0x00E7	0x1187      	BCF        RC3_bit, BitPos(RC3_bit+0)
0x00E8	0x1987      	BTFSC      RC3_bit, BitPos(RC3_bit+0)
0x00E9	0x28EC      	GOTO       L__keyscan61
0x00EA	0x1087      	BCF        RC1_bit, BitPos(RC1_bit+0)
0x00EB	0x28ED      	GOTO       L__keyscan62
L__keyscan61:
0x00EC	0x1487      	BSF        RC1_bit, BitPos(RC1_bit+0)
L__keyscan62:
0x00ED	0x1887      	BTFSC      RC1_bit, BitPos(RC1_bit+0)
0x00EE	0x28F1      	GOTO       L__keyscan63
0x00EF	0x1007      	BCF        RC0_bit, BitPos(RC0_bit+0)
0x00F0	0x28F2      	GOTO       L__keyscan64
L__keyscan63:
0x00F1	0x1407      	BSF        RC0_bit, BitPos(RC0_bit+0)
L__keyscan64:
;keypad.c,73 :: 		if(colscan())
0x00F2	0x2003      	CALL       _colscan
0x00F3	0x0870      	MOVF       R0, 0
0x00F4	0x1903      	BTFSC      STATUS, 2
0x00F5	0x2936      	GOTO       L_keyscan19
;keypad.c,75 :: 		if(C0==1) {Relay9=1;}  delay_ms(100);
0x00F6	0x1E07      	BTFSS      RC4_bit, BitPos(RC4_bit+0)
0x00F7	0x28F9      	GOTO       L_keyscan20
0x00F8	0x1406      	BSF        RB0_bit, BitPos(RB0_bit+0)
L_keyscan20:
0x00F9	0x3002      	MOVLW      2
0x00FA	0x00FB      	MOVWF      R11
0x00FB	0x3004      	MOVLW      4
0x00FC	0x00FC      	MOVWF      R12
0x00FD	0x30BA      	MOVLW      186
0x00FE	0x00FD      	MOVWF      R13
L_keyscan21:
0x00FF	0x0BFD      	DECFSZ     R13, 1
0x0100	0x28FF      	GOTO       L_keyscan21
0x0101	0x0BFC      	DECFSZ     R12, 1
0x0102	0x28FF      	GOTO       L_keyscan21
0x0103	0x0BFB      	DECFSZ     R11, 1
0x0104	0x28FF      	GOTO       L_keyscan21
0x0105	0x0000      	NOP
;keypad.c,76 :: 		if(C1==1) {Relay10=1;} delay_ms(100);
0x0106	0x1E87      	BTFSS      RC5_bit, BitPos(RC5_bit+0)
0x0107	0x2909      	GOTO       L_keyscan22
0x0108	0x1486      	BSF        RB1_bit, BitPos(RB1_bit+0)
L_keyscan22:
0x0109	0x3002      	MOVLW      2
0x010A	0x00FB      	MOVWF      R11
0x010B	0x3004      	MOVLW      4
0x010C	0x00FC      	MOVWF      R12
0x010D	0x30BA      	MOVLW      186
0x010E	0x00FD      	MOVWF      R13
L_keyscan23:
0x010F	0x0BFD      	DECFSZ     R13, 1
0x0110	0x290F      	GOTO       L_keyscan23
0x0111	0x0BFC      	DECFSZ     R12, 1
0x0112	0x290F      	GOTO       L_keyscan23
0x0113	0x0BFB      	DECFSZ     R11, 1
0x0114	0x290F      	GOTO       L_keyscan23
0x0115	0x0000      	NOP
;keypad.c,77 :: 		if(C2==1) {Relay11=1;} delay_ms(100);
0x0116	0x1F07      	BTFSS      RC6_bit, BitPos(RC6_bit+0)
0x0117	0x2919      	GOTO       L_keyscan24
0x0118	0x1506      	BSF        RB2_bit, BitPos(RB2_bit+0)
L_keyscan24:
0x0119	0x3002      	MOVLW      2
0x011A	0x00FB      	MOVWF      R11
0x011B	0x3004      	MOVLW      4
0x011C	0x00FC      	MOVWF      R12
0x011D	0x30BA      	MOVLW      186
0x011E	0x00FD      	MOVWF      R13
L_keyscan25:
0x011F	0x0BFD      	DECFSZ     R13, 1
0x0120	0x291F      	GOTO       L_keyscan25
0x0121	0x0BFC      	DECFSZ     R12, 1
0x0122	0x291F      	GOTO       L_keyscan25
0x0123	0x0BFB      	DECFSZ     R11, 1
0x0124	0x291F      	GOTO       L_keyscan25
0x0125	0x0000      	NOP
;keypad.c,78 :: 		if(C3==1) {Relay12=1;} delay_ms(100);
0x0126	0x1F87      	BTFSS      RC7_bit, BitPos(RC7_bit+0)
0x0127	0x2929      	GOTO       L_keyscan26
0x0128	0x1586      	BSF        RB3_bit, BitPos(RB3_bit+0)
L_keyscan26:
0x0129	0x3002      	MOVLW      2
0x012A	0x00FB      	MOVWF      R11
0x012B	0x3004      	MOVLW      4
0x012C	0x00FC      	MOVWF      R12
0x012D	0x30BA      	MOVLW      186
0x012E	0x00FD      	MOVWF      R13
L_keyscan27:
0x012F	0x0BFD      	DECFSZ     R13, 1
0x0130	0x292F      	GOTO       L_keyscan27
0x0131	0x0BFC      	DECFSZ     R12, 1
0x0132	0x292F      	GOTO       L_keyscan27
0x0133	0x0BFB      	DECFSZ     R11, 1
0x0134	0x292F      	GOTO       L_keyscan27
0x0135	0x0000      	NOP
;keypad.c,79 :: 		}
L_keyscan19:
;keypad.c,80 :: 		R3=1;R0=R2=R1=0;
0x0136	0x1587      	BSF        RC3_bit, BitPos(RC3_bit+0)
0x0137	0x1087      	BCF        RC1_bit, BitPos(RC1_bit+0)
0x0138	0x1887      	BTFSC      RC1_bit, BitPos(RC1_bit+0)
0x0139	0x293C      	GOTO       L__keyscan65
0x013A	0x1107      	BCF        RC2_bit, BitPos(RC2_bit+0)
0x013B	0x293D      	GOTO       L__keyscan66
L__keyscan65:
0x013C	0x1507      	BSF        RC2_bit, BitPos(RC2_bit+0)
L__keyscan66:
0x013D	0x1907      	BTFSC      RC2_bit, BitPos(RC2_bit+0)
0x013E	0x2941      	GOTO       L__keyscan67
0x013F	0x1007      	BCF        RC0_bit, BitPos(RC0_bit+0)
0x0140	0x2942      	GOTO       L__keyscan68
L__keyscan67:
0x0141	0x1407      	BSF        RC0_bit, BitPos(RC0_bit+0)
L__keyscan68:
;keypad.c,81 :: 		if(colscan())
0x0142	0x2003      	CALL       _colscan
0x0143	0x0870      	MOVF       R0, 0
0x0144	0x1903      	BTFSC      STATUS, 2
0x0145	0x2986      	GOTO       L_keyscan28
;keypad.c,83 :: 		if(C0==1) {Relay13=1;}   delay_ms(100);
0x0146	0x1E07      	BTFSS      RC4_bit, BitPos(RC4_bit+0)
0x0147	0x2949      	GOTO       L_keyscan29
0x0148	0x1606      	BSF        RB4_bit, BitPos(RB4_bit+0)
L_keyscan29:
0x0149	0x3002      	MOVLW      2
0x014A	0x00FB      	MOVWF      R11
0x014B	0x3004      	MOVLW      4
0x014C	0x00FC      	MOVWF      R12
0x014D	0x30BA      	MOVLW      186
0x014E	0x00FD      	MOVWF      R13
L_keyscan30:
0x014F	0x0BFD      	DECFSZ     R13, 1
0x0150	0x294F      	GOTO       L_keyscan30
0x0151	0x0BFC      	DECFSZ     R12, 1
0x0152	0x294F      	GOTO       L_keyscan30
0x0153	0x0BFB      	DECFSZ     R11, 1
0x0154	0x294F      	GOTO       L_keyscan30
0x0155	0x0000      	NOP
;keypad.c,84 :: 		if(C1==1) {Relay14=1;}   delay_ms(100);
0x0156	0x1E87      	BTFSS      RC5_bit, BitPos(RC5_bit+0)
0x0157	0x2959      	GOTO       L_keyscan31
0x0158	0x1686      	BSF        RB5_bit, BitPos(RB5_bit+0)
L_keyscan31:
0x0159	0x3002      	MOVLW      2
0x015A	0x00FB      	MOVWF      R11
0x015B	0x3004      	MOVLW      4
0x015C	0x00FC      	MOVWF      R12
0x015D	0x30BA      	MOVLW      186
0x015E	0x00FD      	MOVWF      R13
L_keyscan32:
0x015F	0x0BFD      	DECFSZ     R13, 1
0x0160	0x295F      	GOTO       L_keyscan32
0x0161	0x0BFC      	DECFSZ     R12, 1
0x0162	0x295F      	GOTO       L_keyscan32
0x0163	0x0BFB      	DECFSZ     R11, 1
0x0164	0x295F      	GOTO       L_keyscan32
0x0165	0x0000      	NOP
;keypad.c,85 :: 		if(C2==1) {Relay15=1;}   delay_ms(100);
0x0166	0x1F07      	BTFSS      RC6_bit, BitPos(RC6_bit+0)
0x0167	0x2969      	GOTO       L_keyscan33
0x0168	0x1706      	BSF        RB6_bit, BitPos(RB6_bit+0)
L_keyscan33:
0x0169	0x3002      	MOVLW      2
0x016A	0x00FB      	MOVWF      R11
0x016B	0x3004      	MOVLW      4
0x016C	0x00FC      	MOVWF      R12
0x016D	0x30BA      	MOVLW      186
0x016E	0x00FD      	MOVWF      R13
L_keyscan34:
0x016F	0x0BFD      	DECFSZ     R13, 1
0x0170	0x296F      	GOTO       L_keyscan34
0x0171	0x0BFC      	DECFSZ     R12, 1
0x0172	0x296F      	GOTO       L_keyscan34
0x0173	0x0BFB      	DECFSZ     R11, 1
0x0174	0x296F      	GOTO       L_keyscan34
0x0175	0x0000      	NOP
;keypad.c,86 :: 		if(C3==1) {Relay16=1;}   delay_ms(100);
0x0176	0x1F87      	BTFSS      RC7_bit, BitPos(RC7_bit+0)
0x0177	0x2979      	GOTO       L_keyscan35
0x0178	0x1786      	BSF        RB7_bit, BitPos(RB7_bit+0)
L_keyscan35:
0x0179	0x3002      	MOVLW      2
0x017A	0x00FB      	MOVWF      R11
0x017B	0x3004      	MOVLW      4
0x017C	0x00FC      	MOVWF      R12
0x017D	0x30BA      	MOVLW      186
0x017E	0x00FD      	MOVWF      R13
L_keyscan36:
0x017F	0x0BFD      	DECFSZ     R13, 1
0x0180	0x297F      	GOTO       L_keyscan36
0x0181	0x0BFC      	DECFSZ     R12, 1
0x0182	0x297F      	GOTO       L_keyscan36
0x0183	0x0BFB      	DECFSZ     R11, 1
0x0184	0x297F      	GOTO       L_keyscan36
0x0185	0x0000      	NOP
;keypad.c,87 :: 		}
L_keyscan28:
;keypad.c,88 :: 		}
L_keyscan0:
;keypad.c,90 :: 		}
L_end_keyscan:
0x0186	0x0008      	RETURN
; end of _keyscan
_init_uc:
;main.c,3 :: 		void init_uc()
;main.c,5 :: 		TRISA=0x00;
0x0187	0x1683      	BSF        STATUS, 5
0x0188	0x1303      	BCF        STATUS, 6
0x0189	0x0185      	CLRF       TRISA
;main.c,6 :: 		TRISB=0x00;
0x018A	0x0186      	CLRF       TRISB
;main.c,7 :: 		TRISC=0xF0;
0x018B	0x30F0      	MOVLW      240
0x018C	0x0087      	MOVWF      TRISC
;main.c,8 :: 		ANSEL=0x00;
0x018D	0x1703      	BSF        STATUS, 6
0x018E	0x0188      	CLRF       ANSEL
;main.c,9 :: 		ANSELH=0x00;
0x018F	0x0189      	CLRF       ANSELH
;main.c,10 :: 		}
L_end_init_uc:
0x0190	0x0008      	RETURN
; end of _init_uc
_main:
;main.c,12 :: 		main()
;main.c,14 :: 		init_uc();
0x0191	0x2187      	CALL       _init_uc
;main.c,16 :: 		while(1)
L_main0:
;main.c,18 :: 		keyscan();
0x0192	0x203E      	CALL       _keyscan
;main.c,21 :: 		PORTA=0x00;PORTB=0x00;
0x0193	0x0185      	CLRF       PORTA
0x0194	0x0186      	CLRF       PORTB
;main.c,22 :: 		}
0x0195	0x2992      	GOTO       L_main0
;main.c,23 :: 		}
L_end_main:
0x0196	0x2996      	GOTO       $+0
; end of _main
Symbol List:
//** Routines locations **
//ADDRESS    SIZE    PROCEDURE
//----------------------------------------------
0x0003      [21]    _colscan
0x0018      [19]    _init_rows
0x002B      [19]    _init_cols
0x003E     [329]    _keyscan
0x0187      [10]    _init_uc
0x0191       [6]    _main
//** Variables locations ** 
//ADDRESS    SIZE    VARIABLE
//----------------------------------------------
0x0000       [1]    INDF
0x0003       [1]    STATUS
0x0004       [1]    FSR
0x0005       [0]    RA1_bit
0x0005       [0]    RA2_bit
0x0005       [0]    RA0_bit
0x0005       [1]    PORTA
0x0005       [0]    RA3_bit
0x0005       [0]    RA6_bit
0x0005       [0]    RA7_bit
0x0005       [0]    RA4_bit
0x0005       [0]    RA5_bit
0x0006       [0]    RB4_bit
0x0006       [0]    RB3_bit
0x0006       [0]    RB7_bit
0x0006       [0]    RB6_bit
0x0006       [0]    RB5_bit
0x0006       [1]    PORTB
0x0006       [0]    RB1_bit
0x0006       [0]    RB0_bit
0x0006       [0]    RB2_bit
0x0007       [0]    RC3_bit
0x0007       [0]    RC2_bit
0x0007       [0]    RC1_bit
0x0007       [0]    RC0_bit
0x0007       [0]    RC7_bit
0x0007       [0]    RC6_bit
0x0007       [0]    RC4_bit
0x0007       [0]    RC5_bit
0x000A       [1]    PCLATH
0x0020       [2]    ___DoICPAddr
0x0070       [1]    R0
0x0071       [1]    R1
0x0072       [1]    R2
0x0073       [1]    R3
0x0074       [1]    R4
0x0075       [1]    R5
0x0076       [1]    R6
0x0077       [1]    R7
0x0078       [1]    R8
0x0079       [1]    R9
0x007A       [1]    R10
0x007B       [1]    R11
0x007C       [1]    R12
0x007D       [1]    R13
0x007E       [1]    R14
0x007F       [1]    R15
0x0085       [1]    TRISA
0x0086       [1]    TRISB
0x0087       [1]    TRISC
0x0188       [1]    ANSEL
0x0189       [1]    ANSELH
