0	1	mikroCPIC1618.exe -MSF -DBG -pP16F1503 -RA -DL -O11111114 -fo8 -N"G:\Repository\RnD\Projects\motor_pump\firmware\v1_0\Motor_pump.mcppi" -SP"C:\Users\Public\Documents\Mikroelektronika\mikroC PRO for PIC\Defs\" -SP"C:\Users\Public\Documents\Mikroelektronika\mikroC PRO for PIC\Uses\P16_Enh\" -SP"G:\Repository\RnD\Projects\motor_pump\firmware\v1_0\" -IP"C:\Users\Public\Documents\Mikroelektronika\mikroC PRO for PIC\Uses\P16_Enh\" -IP"G:\Repository\RnD\Projects\motor_pump\firmware\v1_0\" "tmr0.c" "APP.c" "Gsm.c" "__Lib_Math.mcl" "__Lib_MathDouble.mcl" "__Lib_System.mcl" "__Lib_Delays.mcl" "__Lib_CString.mcl" "__Lib_Conversions.mcl" "__Lib_SoftUART.mcl"	 
hint: 0	1139	Available RAM: 112 [bytes], Available ROM: 2048 [bytes]	 
diagnostics: 0	122	Compilation Started	P16F1503.c
diagnostics: 1573	123	Compiled Successfully	P16F1503.c
diagnostics: 0	122	Compilation Started	__Lib_Delays.c
diagnostics: 123	123	Compiled Successfully	__Lib_Delays.c
diagnostics: 0	122	Compilation Started	types.h
diagnostics: 32	123	Compiled Successfully	tmr0.c
diagnostics: 0	122	Compilation Started	types.h
warning: 90	1503	Result is not defined in function: 'recv_mess'	APP.c
diagnostics: 144	123	Compiled Successfully	APP.c
diagnostics: 0	122	Compilation Started	types.h
diagnostics: 45	123	Compiled Successfully	Gsm.c
diagnostics: 0	127	All files Compiled in 234 ms	 
hint: 0	1144	Used RAM (bytes): 40 (36%)  Free RAM (bytes): 72 (64%)	Used RAM (bytes): 40 (36%)  Free RAM (bytes): 72 (64%)
hint: 0	1144	Used ROM (program words): 1012 (49%)  Free ROM (program words): 1036 (51%)	Used ROM (program words): 1012 (49%)  Free ROM (program words): 1036 (51%)
diagnostics: 0	125	Project Linked Successfully	Motor_pump.mcppi
diagnostics: 0	128	Linked in 47 ms	 
diagnostics: 0	129	Project 'Motor_pump.mcppi' completed: 469 ms	 
diagnostics: 0	103	Finished successfully: 21 Feb 2020, 23:58:08	Motor_pump.mcppi
